#
# A fatal error has been detected by the Java Runtime Environment:
#
#  EXCEPTION_ACCESS_VIOLATION (0xc0000005) at pc=0x00007ffd0e3b5521, pid=14060, tid=1328
#
# JRE version: OpenJDK Runtime Environment (11.0.4+10) (build 11.0.4+10-b304.77)
# Java VM: OpenJDK 64-Bit Server VM (11.0.4+10-b304.77, mixed mode, tiered, compressed oops, g1 gc, windows-amd64)
# Problematic frame:
# V  [jvm.dll+0x625521]
#
# No core dump will be written. Minidumps are not enabled by default on client versions of Windows
#
# If you would like to submit a bug report, please visit:
#   http://bugreport.java.com/bugreport/crash.jsp
#

---------------  S U M M A R Y ------------

Command Line: -javaagent:C:\Program Files\JetBrains\IntelliJ IDEA Community Edition 2019.1.3\lib\idea_rt.jar=56511:C:\Program Files\JetBrains\IntelliJ IDEA Community Edition 2019.1.3\bin -Dfile.encoding=UTF-8 com.elca.jobfairmanagementsystem.JobFairManagementSystemApplication

Host: Intel(R) Core(TM) i7-8850H CPU @ 2.60GHz, 12 cores, 15G,  Windows 10 , 64 bit Build 17134 (10.0.17134.556)
Time: Tue Nov 12 22:15:41 2019 Mauritius Standard Time elapsed time: 114554 seconds (1d 7h 49m 14s)

---------------  T H R E A D  ---------------

Current thread (0x0000026014a33800):  GCTaskThread "GC Thread#5" [stack: 0x00000063e4c00000,0x00000063e4d00000] [id=1328]

Stack: [0x00000063e4c00000,0x00000063e4d00000],  sp=0x00000063e4cfeef0,  free space=1019k
Native frames: (J=compiled Java code, j=interpreted, Vv=VM code, C=native code)
V  [jvm.dll+0x625521]
V  [jvm.dll+0x6253ca]
V  [jvm.dll+0x2faf66]
V  [jvm.dll+0x2fb199]
V  [jvm.dll+0x2fc088]
V  [jvm.dll+0x2cd862]
V  [jvm.dll+0x2fa285]
V  [jvm.dll+0x2f9fce]
V  [jvm.dll+0x30a02c]
V  [jvm.dll+0x308b6c]
V  [jvm.dll+0x2dac8f]
V  [jvm.dll+0x309d20]
V  [jvm.dll+0x2d99c5]
V  [jvm.dll+0x731280]
V  [jvm.dll+0x6d236d]
V  [jvm.dll+0x5da5e6]
C  [ucrtbase.dll+0x1c4ce]
C  [KERNEL32.DLL+0x13dc4]
C  [ntdll.dll+0x73691]


siginfo: EXCEPTION_ACCESS_VIOLATION (0xc0000005), reading address 0x0000000000000320


Register to memory mapping:

RIP=0x00007ffd0e3b5521 jvm.dll
RAX=0x0 is NULL
RBX=0x0000000000000003 is an unknown value
RCX=0x0000026014369800 points into unknown readable memory: 88 5f 5f 0e fd 7f 00 00
RDX=0x0000000000000003 is an unknown value
RSP=0x00000063e4cfeef0 points into unknown readable memory: 60 a5 a5 0b 07 00 00 00
RBP=0x0000000000000003 is an unknown value
RSI=0x0 is NULL
RDI=0x0000026073d4f660 points into unknown readable memory: 48 c4 5e 0e fd 7f 00 00
R8 =0x0000000000000003 is an unknown value
R9 =0x0000026073d442c0 points into unknown readable memory: 90 73 59 0e fd 7f 00 00
R10=0x000000070aafd4b0 is pointing into object: java.lang.invoke.MethodType$ConcurrentWeakInternSet$WeakEntry 
{0x000000070aafd498} - klass: 'java/lang/invoke/MethodType$ConcurrentWeakInternSet$WeakEntry'
R11=0x0000026017161ac0 points into unknown readable memory: a0 d3 59 0e fd 7f 00 00
R12=0x0000026013ecd510 points into unknown readable memory: 00 00 00 00 00 00 00 00
R13=0x0000026013ecd520 points into unknown readable memory: a8 ed ff e3 63 00 00 00
R14=0x000002601454a050 points into unknown readable memory: 02 00 00 00 00 00 00 00
R15=0x000000070aafd4b0 is pointing into object: java.lang.invoke.MethodType$ConcurrentWeakInternSet$WeakEntry 
{0x000000070aafd498} - klass: 'java/lang/invoke/MethodType$ConcurrentWeakInternSet$WeakEntry'


Registers:
RAX=0x0000000000000000, RBX=0x0000000000000003, RCX=0x0000026014369800, RDX=0x0000000000000003
RSP=0x00000063e4cfeef0, RBP=0x0000000000000003, RSI=0x0000000000000000, RDI=0x0000026073d4f660
R8 =0x0000000000000003, R9 =0x0000026073d442c0, R10=0x000000070aafd4b0, R11=0x0000026017161ac0
R12=0x0000026013ecd510, R13=0x0000026013ecd520, R14=0x000002601454a050, R15=0x000000070aafd4b0
RIP=0x00007ffd0e3b5521, EFLAGS=0x0000000000010246

Top of Stack: (sp=0x00000063e4cfeef0)
0x00000063e4cfeef0:   000000070ba5a560 00000000cf0803c4
0x00000063e4cfef00:   0000000000000000 00000007ff08fb0c
0x00000063e4cfef10:   0000026073d4f660 00007ffd0e3b53ca
0x00000063e4cfef20:   000000070aafd498 0000026073d44940
0x00000063e4cfef30:   0000000000000000 0000000000001000
0x00000063e4cfef40:   000000070b75eaa0 0000000000000002
0x00000063e4cfef50:   0000000000000000 0000000000000004
0x00000063e4cfef60:   0000026017161ac0 00000063e4cfefe0
0x00000063e4cfef70:   0000000000000003 00007ffd0e08af66
0x00000063e4cfef80:   00000000000003d8 000000070aafd498
0x00000063e4cfef90:   000000070aafd488 0000026013ecd8f8
0x00000063e4cfefa0:   000000070aafd498 00007ffd0e08b199
0x00000063e4cfefb0:   0000026017161ac0 0000000800043a98
0x00000063e4cfefc0:   0000000000000000 0000026017161950
0x00000063e4cfefd0:   000000070aafd498 00007ffd0e08c088
0x00000063e4cfefe0:   000000070aafd401 0000000000000015 

Instructions: (pc=0x00007ffd0e3b5521)
0x00007ffd0e3b5421:   8b 0d 61 36 37 00 48 d3 ea 41 89 17 eb 03 49 89
0x00007ffd0e3b5431:   17 38 05 aa c0 3b 00 74 1d 48 85 db 74 13 48 2b
0x00007ffd0e3b5441:   1d 3a 36 37 00 8b 0d 3c 36 37 00 48 8b c3 48 d3
0x00007ffd0e3b5451:   e8 89 46 08 eb 03 48 89 1e 48 ff 46 10 b3 01 49
0x00007ffd0e3b5461:   83 3c 24 00 4c 8b 7c 24 20 74 15 48 8b 54 24 60
0x00007ffd0e3b5471:   49 8b ce e8 57 46 a9 ff 49 8b cc e8 ff 44 a9 ff
0x00007ffd0e3b5481:   48 8b 44 24 78 48 8b 74 24 68 49 89 46 20 0f b6
0x00007ffd0e3b5491:   c3 4d 89 66 10 4c 8b 64 24 38 4d 89 6e 18 4c 8b
0x00007ffd0e3b54a1:   74 24 28 4c 8b 6c 24 30 48 83 c4 40 5f 5d 5b c3
0x00007ffd0e3b54b1:   cc cc cc cc cc cc cc cc cc cc cc cc cc cc cc 40
0x00007ffd0e3b54c1:   53 48 83 ec 20 48 8b d9 e8 72 cc d4 ff 48 89 05
0x00007ffd0e3b54d1:   f3 39 3d 00 c6 43 10 01 48 83 c4 20 5b c3 cc 48
0x00007ffd0e3b54e1:   89 5c 24 08 48 89 74 24 10 57 48 83 ec 20 48 8b
0x00007ffd0e3b54f1:   f9 33 f6 8b da 8b ce 40 38 77 12 74 2b 44 8b 05
0x00007ffd0e3b5501:   37 76 3f 00 65 48 8b 04 25 58 00 00 00 b9 08 00
0x00007ffd0e3b5511:   00 00 4a 8b 04 c0 48 8b 0c 01 48 8b 01 ff 50 78
0x00007ffd0e3b5521:   8b 88 20 03 00 00 eb 14 38 4f 14 74 0f 8b 4f 18
0x00007ffd0e3b5531:   8d 41 01 3b 47 30 0f 44 c6 89 47 18 83 eb 01 74
0x00007ffd0e3b5541:   2e 83 eb 01 0f 84 92 00 00 00 83 eb 01 74 6f 83
0x00007ffd0e3b5551:   eb 01 74 4c 83 fb 01 74 29 ba fb 03 00 00 48 8d
0x00007ffd0e3b5561:   0d ba 6f 23 00 e8 e5 84 c1 ff e8 60 58 fb ff 48
0x00007ffd0e3b5571:   8b c6 48 8b 5c 24 30 48 8b 74 24 38 48 83 c4 20
0x00007ffd0e3b5581:   5f c3 8b c1 48 8d 0c 40 48 8b 47 58 48 8d 04 c8
0x00007ffd0e3b5591:   48 8b 5c 24 30 48 8b 74 24 38 48 83 c4 20 5f c3
0x00007ffd0e3b55a1:   8b c1 48 8d 0c 40 48 8b 47 50 48 8d 04 c8 48 8b
0x00007ffd0e3b55b1:   5c 24 30 48 8b 74 24 38 48 83 c4 20 5f c3 8b c1
0x00007ffd0e3b55c1:   48 8d 0c 40 48 8b 47 48 48 8d 04 c8 48 8b 5c 24
0x00007ffd0e3b55d1:   30 48 8b 74 24 38 48 83 c4 20 5f c3 48 8b 5c 24
0x00007ffd0e3b55e1:   30 48 8b 74 24 38 8b c1 48 8d 0c 40 48 8b 47 40
0x00007ffd0e3b55f1:   48 8d 04 c8 48 83 c4 20 5f c3 cc cc cc cc cc 80
0x00007ffd0e3b5601:   3d db be 3b 00 00 74 1b 8b 41 08 85 c0 75 03 33
0x00007ffd0e3b5611:   c0 c3 8b 0d 6f 34 37 00 48 d3 e0 48 03 05 5d 34 


Stack slot to memory mapping:
stack at sp + 0 slots: 0x000000070ba5a560 is an oop: java.lang.ref.SoftReference 
{0x000000070ba5a560} - klass: 'java/lang/ref/SoftReference'
stack at sp + 1 slots: 0x00000000cf0803c4 is an unknown value
stack at sp + 2 slots: 0x0 is NULL
stack at sp + 3 slots: 
[error occurred during error reporting (inspecting top of stack), id 0xc0000005, EXCEPTION_ACCESS_VIOLATION (0xc0000005) at pc=0x00007ffd0e066367]


---------------  P R O C E S S  ---------------

Threads class SMR info:
_java_thread_list=0x000002601587b6d0, length=31, elements={
0x0000026013e31000, 0x0000026013e32000, 0x0000026013e8d800, 0x0000026013e8e800,
0x0000026013e90800, 0x0000026013e94000, 0x0000026013e97000, 0x0000026013545000,
0x00000260143f6000, 0x0000026014369000, 0x0000026017875000, 0x0000026019072000,
0x0000026019158800, 0x0000026018ceb800, 0x000002601a163800, 0x0000026017197000,
0x000002601b957800, 0x000002601bd31000, 0x000002601bd2d800, 0x000002601bd30000,
0x000002601bd2e800, 0x000002601bd31800, 0x000002601bd32800, 0x000002601bd33800,
0x000002601bd2f800, 0x000002601bd34000, 0x0000026015ac4000, 0x0000026015abf000,
0x0000026015ac0800, 0x0000026015ac1800, 0x0000026015abe000
}

Java Threads: ( => current thread )
  0x0000026013e31000 JavaThread "Reference Handler" daemon [_thread_blocked, id=18824, stack(0x00000063e3b00000,0x00000063e3c00000)]
  0x0000026013e32000 JavaThread "Finalizer" daemon [_thread_blocked, id=7492, stack(0x00000063e3c00000,0x00000063e3d00000)]
  0x0000026013e8d800 JavaThread "Signal Dispatcher" daemon [_thread_blocked, id=20084, stack(0x00000063e3d00000,0x00000063e3e00000)]
  0x0000026013e8e800 JavaThread "Attach Listener" daemon [_thread_blocked, id=24472, stack(0x00000063e3e00000,0x00000063e3f00000)]
  0x0000026013e90800 JavaThread "C2 CompilerThread0" daemon [_thread_blocked, id=21484, stack(0x00000063e3f00000,0x00000063e4000000)]
  0x0000026013e94000 JavaThread "C1 CompilerThread0" daemon [_thread_blocked, id=22900, stack(0x00000063e4000000,0x00000063e4100000)]
  0x0000026013e97000 JavaThread "Sweeper thread" daemon [_thread_blocked, id=23956, stack(0x00000063e4100000,0x00000063e4200000)]
  0x0000026013545000 JavaThread "Common-Cleaner" daemon [_thread_blocked, id=12780, stack(0x00000063e4200000,0x00000063e4300000)]
  0x00000260143f6000 JavaThread "Monitor Ctrl-Break" daemon [_thread_in_native, id=23024, stack(0x00000063e4400000,0x00000063e4500000)]
  0x0000026014369000 JavaThread "Service Thread" daemon [_thread_blocked, id=2976, stack(0x00000063e4500000,0x00000063e4600000)]
  0x0000026017875000 JavaThread "mysql-cj-abandoned-connection-cleanup" daemon [_thread_blocked, id=18576, stack(0x00000063e4f00000,0x00000063e5000000)]
  0x0000026019072000 JavaThread "Catalina-utility-1" [_thread_blocked, id=22892, stack(0x00000063e5000000,0x00000063e5100000)]
  0x0000026019158800 JavaThread "Catalina-utility-2" [_thread_blocked, id=16084, stack(0x00000063e5100000,0x00000063e5200000)]
  0x0000026018ceb800 JavaThread "container-0" [_thread_blocked, id=24364, stack(0x00000063e5200000,0x00000063e5300000)]
  0x000002601a163800 JavaThread "HikariPool-1 housekeeper" daemon [_thread_blocked, id=24240, stack(0x00000063e5400000,0x00000063e5500000)]
  0x0000026017197000 JavaThread "http-nio-8081-BlockPoller" daemon [_thread_blocked, id=18456, stack(0x00000063e5800000,0x00000063e5900000)]
  0x000002601b957800 JavaThread "http-nio-8081-exec-1" daemon [_thread_blocked, id=22620, stack(0x00000063e5900000,0x00000063e5a00000)]
  0x000002601bd31000 JavaThread "http-nio-8081-exec-2" daemon [_thread_blocked, id=14076, stack(0x00000063e5a00000,0x00000063e5b00000)]
  0x000002601bd2d800 JavaThread "http-nio-8081-exec-3" daemon [_thread_blocked, id=24036, stack(0x00000063e5b00000,0x00000063e5c00000)]
  0x000002601bd30000 JavaThread "http-nio-8081-exec-4" daemon [_thread_blocked, id=5520, stack(0x00000063e5c00000,0x00000063e5d00000)]
  0x000002601bd2e800 JavaThread "http-nio-8081-exec-5" daemon [_thread_blocked, id=19268, stack(0x00000063e5d00000,0x00000063e5e00000)]
  0x000002601bd31800 JavaThread "http-nio-8081-exec-6" daemon [_thread_blocked, id=22184, stack(0x00000063e5e00000,0x00000063e5f00000)]
  0x000002601bd32800 JavaThread "http-nio-8081-exec-7" daemon [_thread_blocked, id=13836, stack(0x00000063e5f00000,0x00000063e6000000)]
  0x000002601bd33800 JavaThread "http-nio-8081-exec-8" daemon [_thread_blocked, id=15168, stack(0x00000063e6000000,0x00000063e6100000)]
  0x000002601bd2f800 JavaThread "http-nio-8081-exec-9" daemon [_thread_blocked, id=15096, stack(0x00000063e6100000,0x00000063e6200000)]
  0x000002601bd34000 JavaThread "http-nio-8081-exec-10" daemon [_thread_blocked, id=17184, stack(0x00000063e6200000,0x00000063e6300000)]
  0x0000026015ac4000 JavaThread "http-nio-8081-ClientPoller" daemon [_thread_blocked, id=23736, stack(0x00000063e6300000,0x00000063e6400000)]
  0x0000026015abf000 JavaThread "http-nio-8081-Acceptor" daemon [_thread_in_native, id=10680, stack(0x00000063e6400000,0x00000063e6500000)]
  0x0000026015ac0800 JavaThread "DestroyJavaVM" [_thread_blocked, id=600, stack(0x00000063e3400000,0x00000063e3500000)]
  0x0000026015ac1800 JavaThread "HikariPool-1 connection closer" daemon [_thread_blocked, id=19696, stack(0x00000063e3100000,0x00000063e3200000)]
  0x0000026015abe000 JavaThread "HikariPool-1 connection adder" daemon [_thread_blocked, id=14176, stack(0x00000063e3200000,0x00000063e3300000)]

Other Threads:
  0x0000026013e0d800 VMThread "VM Thread" [stack: 0x00000063e3a00000,0x00000063e3b00000] [id=23084]
  0x0000026014369800 WatcherThread [stack: 0x00000063e4600000,0x00000063e4700000] [id=20868]
  0x0000026073d4e000 GCTaskThread "GC Thread#0" [stack: 0x00000063e3500000,0x00000063e3600000] [id=18192]
  0x000002601489e000 GCTaskThread "GC Thread#1" [stack: 0x00000063e4800000,0x00000063e4900000] [id=17384]
  0x000002601489e800 GCTaskThread "GC Thread#2" [stack: 0x00000063e4900000,0x00000063e4a00000] [id=24536]
  0x0000026015022800 GCTaskThread "GC Thread#3" [stack: 0x00000063e4a00000,0x00000063e4b00000] [id=15872]
  0x0000026015023800 GCTaskThread "GC Thread#4" [stack: 0x00000063e4b00000,0x00000063e4c00000] [id=22024]
=>0x0000026014a33800 GCTaskThread "GC Thread#5" [stack: 0x00000063e4c00000,0x00000063e4d00000] [id=1328]
  0x00000260183ce800 GCTaskThread "GC Thread#6" [stack: 0x00000063e5600000,0x00000063e5700000] [id=17620]
  0x0000026019a9c800 GCTaskThread "GC Thread#7" [stack: 0x00000063e5700000,0x00000063e5800000] [id=23976]
  0x0000026073da6000 ConcurrentGCThread "G1 Main Marker" [stack: 0x00000063e3600000,0x00000063e3700000] [id=22388]
  0x0000026073da8800 ConcurrentGCThread "G1 Conc#0" [stack: 0x00000063e3700000,0x00000063e3800000] [id=23648]
  0x00000260159cb800 ConcurrentGCThread "G1 Conc#1" [stack: 0x00000063e4d00000,0x00000063e4e00000] [id=24396]
  0x00000260158f1800 ConcurrentGCThread "G1 Conc#2" [stack: 0x00000063e4e00000,0x00000063e4f00000] [id=21440]
  0x0000026013464000 ConcurrentGCThread "G1 Refine#0" [stack: 0x00000063e3800000,0x00000063e3900000] [id=20268]
  0x000002601599f000 ConcurrentGCThread "G1 Refine#1" [stack: 0x00000063e4300000,0x00000063e4400000] [id=19792]
  0x0000026013465000 ConcurrentGCThread "G1 Young RemSet Sampling" [stack: 0x00000063e3900000,0x00000063e3a00000] [id=15768]

Threads with active compile tasks:

VM state:at safepoint (normal execution)

VM Mutex/Monitor currently owned by a thread:  ([mutex/lock_event])
[0x0000026073d335c0] Threads_lock - owner thread: 0x0000026013e0d800
[0x0000026073d344f0] Heap_lock - owner thread: 0x0000026015ac1800

Heap address: 0x0000000703200000, size: 4046 MB, Compressed Oops mode: Zero based, Oop shift amount: 3
Narrow klass base: 0x0000000800000000, Narrow klass shift: 0
Compressed class space size: 1073741824 Address: 0x0000000800000000

Heap:
 garbage-first heap   total 312320K, used 209529K [0x0000000703200000, 0x0000000800000000)
  region size 1024K, 183 young (187392K), 12 survivors (12288K)
 Metaspace       used 72479K, capacity 74138K, committed 74408K, reserved 1114112K
  class space    used 9208K, capacity 9865K, committed 9944K, reserved 1048576K
Heap Regions: E=young(eden), S=young(survivor), O=old, HS=humongous(starts), HC=humongous(continues), CS=collection set, F=free, A=archive, TAMS=top-at-mark-start (previous, next)
|   0|0x0000000703200000, 0x0000000703300000, 0x0000000703300000|100%|HS|  |TAMS 0x0000000703300000, 0x0000000703200000| Complete 
|   1|0x0000000703300000, 0x0000000703400000, 0x0000000703400000|100%| O|  |TAMS 0x0000000703400000, 0x0000000703300000| Untracked 
|   2|0x0000000703400000, 0x0000000703500000, 0x0000000703500000|100%| O|  |TAMS 0x0000000703500000, 0x0000000703400000| Untracked 
|   3|0x0000000703500000, 0x0000000703600000, 0x0000000703600000|100%| O|  |TAMS 0x0000000703600000, 0x0000000703500000| Untracked 
|   4|0x0000000703600000, 0x0000000703700000, 0x0000000703700000|100%| O|  |TAMS 0x0000000703700000, 0x0000000703600000| Untracked 
|   5|0x0000000703700000, 0x0000000703800000, 0x0000000703800000|100%| O|  |TAMS 0x0000000703800000, 0x0000000703700000| Untracked 
|   6|0x0000000703800000, 0x0000000703900000, 0x0000000703900000|100%| O|  |TAMS 0x00000007038fcc00, 0x0000000703800000| Untracked 
|   7|0x0000000703900000, 0x0000000703a00000, 0x0000000703a00000|100%| O|  |TAMS 0x0000000703900000, 0x0000000703900000| Untracked 
|   8|0x0000000703a00000, 0x0000000703b00000, 0x0000000703b00000|100%| O|  |TAMS 0x0000000703a00000, 0x0000000703a00000| Untracked 
|   9|0x0000000703b00000, 0x0000000703c00000, 0x0000000703c00000|100%| O|  |TAMS 0x0000000703b00000, 0x0000000703b00000| Untracked 
|  10|0x0000000703c00000, 0x0000000703d00000, 0x0000000703d00000|100%| O|  |TAMS 0x0000000703c00000, 0x0000000703c00000| Untracked 
|  11|0x0000000703d00000, 0x0000000703e00000, 0x0000000703e00000|100%| O|  |TAMS 0x0000000703d00000, 0x0000000703d00000| Untracked 
|  12|0x0000000703e00000, 0x0000000703f00000, 0x0000000703f00000|100%| O|  |TAMS 0x0000000703e00000, 0x0000000703e00000| Untracked 
|  13|0x0000000703f00000, 0x0000000704000000, 0x0000000704000000|100%| O|  |TAMS 0x0000000703f00000, 0x0000000703f00000| Untracked 
|  14|0x0000000704000000, 0x0000000704100000, 0x0000000704100000|100%| O|  |TAMS 0x0000000704000000, 0x0000000704000000| Untracked 
|  15|0x0000000704100000, 0x0000000704200000, 0x0000000704200000|100%| O|  |TAMS 0x0000000704100000, 0x0000000704100000| Untracked 
|  16|0x0000000704200000, 0x0000000704300000, 0x0000000704300000|100%| O|  |TAMS 0x0000000704200000, 0x0000000704200000| Untracked 
|  17|0x0000000704300000, 0x0000000704400000, 0x0000000704400000|100%| O|  |TAMS 0x0000000704300000, 0x0000000704300000| Untracked 
|  18|0x0000000704400000, 0x0000000704500000, 0x0000000704500000|100%| O|  |TAMS 0x0000000704400000, 0x0000000704400000| Untracked 
|  19|0x0000000704500000, 0x0000000704600000, 0x0000000704600000|100%| O|  |TAMS 0x0000000704500000, 0x0000000704500000| Untracked 
|  20|0x0000000704600000, 0x0000000704700000, 0x0000000704700000|100%| O|  |TAMS 0x0000000704600000, 0x0000000704600000| Untracked 
|  21|0x0000000704700000, 0x000000070479e400, 0x0000000704800000| 61%| O|  |TAMS 0x0000000704700000, 0x0000000704700000| Untracked 
|  22|0x0000000704800000, 0x0000000704800000, 0x0000000704900000|  0%| F|  |TAMS 0x0000000704800000, 0x0000000704800000| Untracked 
|  23|0x0000000704900000, 0x0000000704900000, 0x0000000704a00000|  0%| F|  |TAMS 0x0000000704900000, 0x0000000704900000| Untracked 
|  24|0x0000000704a00000, 0x0000000704a00000, 0x0000000704b00000|  0%| F|  |TAMS 0x0000000704a00000, 0x0000000704a00000| Untracked 
|  25|0x0000000704b00000, 0x0000000704b00000, 0x0000000704c00000|  0%| F|  |TAMS 0x0000000704b00000, 0x0000000704b00000| Untracked 
|  26|0x0000000704c00000, 0x0000000704c00000, 0x0000000704d00000|  0%| F|  |TAMS 0x0000000704c00000, 0x0000000704c00000| Untracked 
|  27|0x0000000704d00000, 0x0000000704d00000, 0x0000000704e00000|  0%| F|  |TAMS 0x0000000704d00000, 0x0000000704d00000| Untracked 
|  28|0x0000000704e00000, 0x0000000704e00000, 0x0000000704f00000|  0%| F|  |TAMS 0x0000000704e00000, 0x0000000704e00000| Untracked 
|  29|0x0000000704f00000, 0x0000000704f00000, 0x0000000705000000|  0%| F|  |TAMS 0x0000000704f00000, 0x0000000704f00000| Untracked 
|  30|0x0000000705000000, 0x0000000705000000, 0x0000000705100000|  0%| F|  |TAMS 0x0000000705000000, 0x0000000705000000| Untracked 
|  31|0x0000000705100000, 0x0000000705100000, 0x0000000705200000|  0%| F|  |TAMS 0x0000000705100000, 0x0000000705100000| Untracked 
|  32|0x0000000705200000, 0x0000000705200000, 0x0000000705300000|  0%| F|  |TAMS 0x0000000705200000, 0x0000000705200000| Untracked 
|  33|0x0000000705300000, 0x0000000705300000, 0x0000000705400000|  0%| F|  |TAMS 0x0000000705300000, 0x0000000705300000| Untracked 
|  34|0x0000000705400000, 0x0000000705400000, 0x0000000705500000|  0%| F|  |TAMS 0x0000000705400000, 0x0000000705400000| Untracked 
|  35|0x0000000705500000, 0x0000000705500000, 0x0000000705600000|  0%| F|  |TAMS 0x0000000705500000, 0x0000000705500000| Untracked 
|  36|0x0000000705600000, 0x0000000705600000, 0x0000000705700000|  0%| F|  |TAMS 0x0000000705600000, 0x0000000705600000| Untracked 
|  37|0x0000000705700000, 0x0000000705700000, 0x0000000705800000|  0%| F|  |TAMS 0x0000000705700000, 0x0000000705700000| Untracked 
|  38|0x0000000705800000, 0x0000000705800000, 0x0000000705900000|  0%| F|  |TAMS 0x0000000705800000, 0x0000000705800000| Untracked 
|  39|0x0000000705900000, 0x0000000705900000, 0x0000000705a00000|  0%| F|  |TAMS 0x0000000705900000, 0x0000000705900000| Untracked 
|  40|0x0000000705a00000, 0x0000000705a00000, 0x0000000705b00000|  0%| F|  |TAMS 0x0000000705a00000, 0x0000000705a00000| Untracked 
|  41|0x0000000705b00000, 0x0000000705b00000, 0x0000000705c00000|  0%| F|  |TAMS 0x0000000705b00000, 0x0000000705b00000| Untracked 
|  42|0x0000000705c00000, 0x0000000705c00000, 0x0000000705d00000|  0%| F|  |TAMS 0x0000000705c00000, 0x0000000705c00000| Untracked 
|  43|0x0000000705d00000, 0x0000000705d00000, 0x0000000705e00000|  0%| F|  |TAMS 0x0000000705d00000, 0x0000000705d00000| Untracked 
|  44|0x0000000705e00000, 0x0000000705e00000, 0x0000000705f00000|  0%| F|  |TAMS 0x0000000705e00000, 0x0000000705e00000| Untracked 
|  45|0x0000000705f00000, 0x0000000705f00000, 0x0000000706000000|  0%| F|  |TAMS 0x0000000705f00000, 0x0000000705f00000| Untracked 
|  46|0x0000000706000000, 0x0000000706000000, 0x0000000706100000|  0%| F|  |TAMS 0x0000000706000000, 0x0000000706000000| Untracked 
|  47|0x0000000706100000, 0x0000000706100000, 0x0000000706200000|  0%| F|  |TAMS 0x0000000706100000, 0x0000000706100000| Untracked 
|  48|0x0000000706200000, 0x0000000706200000, 0x0000000706300000|  0%| F|  |TAMS 0x0000000706200000, 0x0000000706200000| Untracked 
|  49|0x0000000706300000, 0x0000000706300000, 0x0000000706400000|  0%| F|  |TAMS 0x0000000706300000, 0x0000000706300000| Untracked 
|  50|0x0000000706400000, 0x0000000706400000, 0x0000000706500000|  0%| F|  |TAMS 0x0000000706400000, 0x0000000706400000| Untracked 
|  51|0x0000000706500000, 0x0000000706500000, 0x0000000706600000|  0%| F|  |TAMS 0x0000000706500000, 0x0000000706500000| Untracked 
|  52|0x0000000706600000, 0x0000000706600000, 0x0000000706700000|  0%| F|  |TAMS 0x0000000706600000, 0x0000000706600000| Untracked 
|  53|0x0000000706700000, 0x0000000706700000, 0x0000000706800000|  0%| F|  |TAMS 0x0000000706700000, 0x0000000706700000| Untracked 
|  54|0x0000000706800000, 0x0000000706800000, 0x0000000706900000|  0%| F|  |TAMS 0x0000000706800000, 0x0000000706800000| Untracked 
|  55|0x0000000706900000, 0x0000000706900000, 0x0000000706a00000|  0%| F|  |TAMS 0x0000000706900000, 0x0000000706900000| Untracked 
|  56|0x0000000706a00000, 0x0000000706a00000, 0x0000000706b00000|  0%| F|  |TAMS 0x0000000706a00000, 0x0000000706a00000| Untracked 
|  57|0x0000000706b00000, 0x0000000706b00000, 0x0000000706c00000|  0%| F|  |TAMS 0x0000000706b00000, 0x0000000706b00000| Untracked 
|  58|0x0000000706c00000, 0x0000000706c00000, 0x0000000706d00000|  0%| F|  |TAMS 0x0000000706c00000, 0x0000000706c00000| Untracked 
|  59|0x0000000706d00000, 0x0000000706d00000, 0x0000000706e00000|  0%| F|  |TAMS 0x0000000706d00000, 0x0000000706d00000| Untracked 
|  60|0x0000000706e00000, 0x0000000706e00000, 0x0000000706f00000|  0%| F|  |TAMS 0x0000000706e00000, 0x0000000706e00000| Untracked 
|  61|0x0000000706f00000, 0x0000000706f00000, 0x0000000707000000|  0%| F|  |TAMS 0x0000000706f00000, 0x0000000706f00000| Untracked 
|  62|0x0000000707000000, 0x0000000707000000, 0x0000000707100000|  0%| F|  |TAMS 0x0000000707000000, 0x0000000707000000| Untracked 
|  63|0x0000000707100000, 0x0000000707100000, 0x0000000707200000|  0%| F|  |TAMS 0x0000000707100000, 0x0000000707100000| Untracked 
|  64|0x0000000707200000, 0x0000000707200000, 0x0000000707300000|  0%| F|  |TAMS 0x0000000707200000, 0x0000000707200000| Untracked 
|  65|0x0000000707300000, 0x0000000707300000, 0x0000000707400000|  0%| F|  |TAMS 0x0000000707300000, 0x0000000707300000| Untracked 
|  66|0x0000000707400000, 0x0000000707400000, 0x0000000707500000|  0%| F|  |TAMS 0x0000000707400000, 0x0000000707400000| Untracked 
|  67|0x0000000707500000, 0x0000000707500000, 0x0000000707600000|  0%| F|  |TAMS 0x0000000707500000, 0x0000000707500000| Untracked 
|  68|0x0000000707600000, 0x0000000707600000, 0x0000000707700000|  0%| F|  |TAMS 0x0000000707600000, 0x0000000707600000| Untracked 
|  69|0x0000000707700000, 0x0000000707700000, 0x0000000707800000|  0%| F|  |TAMS 0x0000000707700000, 0x0000000707700000| Untracked 
|  70|0x0000000707800000, 0x0000000707800000, 0x0000000707900000|  0%| F|  |TAMS 0x0000000707800000, 0x0000000707800000| Untracked 
|  71|0x0000000707900000, 0x0000000707900000, 0x0000000707a00000|  0%| F|  |TAMS 0x0000000707900000, 0x0000000707900000| Untracked 
|  72|0x0000000707a00000, 0x0000000707a00000, 0x0000000707b00000|  0%| F|  |TAMS 0x0000000707a00000, 0x0000000707a00000| Untracked 
|  73|0x0000000707b00000, 0x0000000707b00000, 0x0000000707c00000|  0%| F|  |TAMS 0x0000000707b00000, 0x0000000707b00000| Untracked 
|  74|0x0000000707c00000, 0x0000000707c00000, 0x0000000707d00000|  0%| F|  |TAMS 0x0000000707c00000, 0x0000000707c00000| Untracked 
|  75|0x0000000707d00000, 0x0000000707d00000, 0x0000000707e00000|  0%| F|  |TAMS 0x0000000707d00000, 0x0000000707d00000| Untracked 
|  76|0x0000000707e00000, 0x0000000707e00000, 0x0000000707f00000|  0%| F|  |TAMS 0x0000000707e00000, 0x0000000707e00000| Untracked 
|  77|0x0000000707f00000, 0x0000000707f00000, 0x0000000708000000|  0%| F|  |TAMS 0x0000000707f00000, 0x0000000707f00000| Untracked 
|  78|0x0000000708000000, 0x0000000708000000, 0x0000000708100000|  0%| F|  |TAMS 0x0000000708000000, 0x0000000708000000| Untracked 
|  79|0x0000000708100000, 0x0000000708100000, 0x0000000708200000|  0%| F|  |TAMS 0x0000000708100000, 0x0000000708100000| Untracked 
|  80|0x0000000708200000, 0x0000000708200000, 0x0000000708300000|  0%| F|  |TAMS 0x0000000708200000, 0x0000000708200000| Untracked 
|  81|0x0000000708300000, 0x0000000708300000, 0x0000000708400000|  0%| F|  |TAMS 0x0000000708300000, 0x0000000708300000| Untracked 
|  82|0x0000000708400000, 0x0000000708400000, 0x0000000708500000|  0%| F|  |TAMS 0x0000000708400000, 0x0000000708400000| Untracked 
|  83|0x0000000708500000, 0x0000000708500000, 0x0000000708600000|  0%| F|  |TAMS 0x0000000708500000, 0x0000000708500000| Untracked 
|  84|0x0000000708600000, 0x0000000708600000, 0x0000000708700000|  0%| F|  |TAMS 0x0000000708600000, 0x0000000708600000| Untracked 
|  85|0x0000000708700000, 0x0000000708700000, 0x0000000708800000|  0%| F|  |TAMS 0x0000000708700000, 0x0000000708700000| Untracked 
|  86|0x0000000708800000, 0x0000000708800000, 0x0000000708900000|  0%| F|  |TAMS 0x0000000708800000, 0x0000000708800000| Untracked 
|  87|0x0000000708900000, 0x0000000708900000, 0x0000000708a00000|  0%| F|  |TAMS 0x0000000708900000, 0x0000000708900000| Untracked 
|  88|0x0000000708a00000, 0x0000000708a00000, 0x0000000708b00000|  0%| F|  |TAMS 0x0000000708a00000, 0x0000000708a00000| Untracked 
|  89|0x0000000708b00000, 0x0000000708b00000, 0x0000000708c00000|  0%| F|  |TAMS 0x0000000708b00000, 0x0000000708b00000| Untracked 
|  90|0x0000000708c00000, 0x0000000708c00000, 0x0000000708d00000|  0%| F|  |TAMS 0x0000000708c00000, 0x0000000708c00000| Untracked 
|  91|0x0000000708d00000, 0x0000000708d00000, 0x0000000708e00000|  0%| F|  |TAMS 0x0000000708d00000, 0x0000000708d00000| Untracked 
|  92|0x0000000708e00000, 0x0000000708e00000, 0x0000000708f00000|  0%| F|  |TAMS 0x0000000708e00000, 0x0000000708e00000| Untracked 
|  93|0x0000000708f00000, 0x0000000708f00000, 0x0000000709000000|  0%| F|  |TAMS 0x0000000708f00000, 0x0000000708f00000| Untracked 
|  94|0x0000000709000000, 0x0000000709000000, 0x0000000709100000|  0%| F|  |TAMS 0x0000000709000000, 0x0000000709000000| Untracked 
|  95|0x0000000709100000, 0x0000000709100000, 0x0000000709200000|  0%| F|  |TAMS 0x0000000709100000, 0x0000000709100000| Untracked 
|  96|0x0000000709200000, 0x0000000709200000, 0x0000000709300000|  0%| F|  |TAMS 0x0000000709200000, 0x0000000709200000| Untracked 
|  97|0x0000000709300000, 0x0000000709300000, 0x0000000709400000|  0%| F|  |TAMS 0x0000000709300000, 0x0000000709300000| Untracked 
|  98|0x0000000709400000, 0x0000000709400000, 0x0000000709500000|  0%| F|  |TAMS 0x0000000709400000, 0x0000000709400000| Untracked 
|  99|0x0000000709500000, 0x0000000709500000, 0x0000000709600000|  0%| F|  |TAMS 0x0000000709500000, 0x0000000709500000| Untracked 
| 100|0x0000000709600000, 0x0000000709600000, 0x0000000709700000|  0%| F|  |TAMS 0x0000000709600000, 0x0000000709600000| Untracked 
| 101|0x0000000709700000, 0x0000000709700000, 0x0000000709800000|  0%| F|  |TAMS 0x0000000709700000, 0x0000000709700000| Untracked 
| 102|0x0000000709800000, 0x0000000709800000, 0x0000000709900000|  0%| F|  |TAMS 0x0000000709800000, 0x0000000709800000| Untracked 
| 103|0x0000000709900000, 0x0000000709900000, 0x0000000709a00000|  0%| F|  |TAMS 0x0000000709900000, 0x0000000709900000| Untracked 
| 104|0x0000000709a00000, 0x0000000709a00000, 0x0000000709b00000|  0%| F|  |TAMS 0x0000000709a00000, 0x0000000709a00000| Untracked 
| 105|0x0000000709b00000, 0x0000000709b00000, 0x0000000709c00000|  0%| F|  |TAMS 0x0000000709b00000, 0x0000000709b00000| Untracked 
| 106|0x0000000709c00000, 0x0000000709c00000, 0x0000000709d00000|  0%| F|  |TAMS 0x0000000709c00000, 0x0000000709c00000| Untracked 
| 107|0x0000000709d00000, 0x0000000709d00000, 0x0000000709e00000|  0%| F|  |TAMS 0x0000000709d00000, 0x0000000709d00000| Untracked 
| 108|0x0000000709e00000, 0x0000000709e00000, 0x0000000709f00000|  0%| F|  |TAMS 0x0000000709e00000, 0x0000000709e00000| Untracked 
| 109|0x0000000709f00000, 0x0000000709f00000, 0x000000070a000000|  0%| F|  |TAMS 0x0000000709f00000, 0x0000000709f00000| Untracked 
| 110|0x000000070a000000, 0x000000070a04a8f8, 0x000000070a100000| 29%| S|  |TAMS 0x000000070a000000, 0x000000070a000000| Complete 
| 111|0x000000070a100000, 0x000000070a200000, 0x000000070a200000|100%| S|  |TAMS 0x000000070a100000, 0x000000070a100000| Complete 
| 112|0x000000070a200000, 0x000000070a300000, 0x000000070a300000|100%| S|  |TAMS 0x000000070a200000, 0x000000070a200000| Complete 
| 113|0x000000070a300000, 0x000000070a400000, 0x000000070a400000|100%| S|  |TAMS 0x000000070a300000, 0x000000070a300000| Complete 
| 114|0x000000070a400000, 0x000000070a500000, 0x000000070a500000|100%| S|  |TAMS 0x000000070a400000, 0x000000070a400000| Complete 
| 115|0x000000070a500000, 0x000000070a600000, 0x000000070a600000|100%| S|  |TAMS 0x000000070a500000, 0x000000070a500000| Complete 
| 116|0x000000070a600000, 0x000000070a700000, 0x000000070a700000|100%| S|  |TAMS 0x000000070a600000, 0x000000070a600000| Complete 
| 117|0x000000070a700000, 0x000000070a800000, 0x000000070a800000|100%| S|  |TAMS 0x000000070a700000, 0x000000070a700000| Complete 
| 118|0x000000070a800000, 0x000000070a900000, 0x000000070a900000|100%| S|  |TAMS 0x000000070a800000, 0x000000070a800000| Complete 
| 119|0x000000070a900000, 0x000000070aa00000, 0x000000070aa00000|100%| S|  |TAMS 0x000000070a900000, 0x000000070a900000| Complete 
| 120|0x000000070aa00000, 0x000000070ab00000, 0x000000070ab00000|100%| S|  |TAMS 0x000000070aa00000, 0x000000070aa00000| Complete 
| 121|0x000000070ab00000, 0x000000070ac00000, 0x000000070ac00000|100%| S|  |TAMS 0x000000070ab00000, 0x000000070ab00000| Complete 
| 122|0x000000070ac00000, 0x000000070ad00000, 0x000000070ad00000|100%| E|CS|TAMS 0x000000070ac00000, 0x000000070ac00000| Complete 
| 123|0x000000070ad00000, 0x000000070ae00000, 0x000000070ae00000|100%| E|CS|TAMS 0x000000070ad00000, 0x000000070ad00000| Complete 
| 124|0x000000070ae00000, 0x000000070af00000, 0x000000070af00000|100%| E|CS|TAMS 0x000000070ae00000, 0x000000070ae00000| Complete 
| 125|0x000000070af00000, 0x000000070b000000, 0x000000070b000000|100%| E|CS|TAMS 0x000000070af00000, 0x000000070af00000| Complete 
| 126|0x000000070b000000, 0x000000070b100000, 0x000000070b100000|100%| E|CS|TAMS 0x000000070b000000, 0x000000070b000000| Complete 
| 127|0x000000070b100000, 0x000000070b200000, 0x000000070b200000|100%| E|CS|TAMS 0x000000070b100000, 0x000000070b100000| Complete 
| 128|0x000000070b200000, 0x000000070b300000, 0x000000070b300000|100%| E|CS|TAMS 0x000000070b200000, 0x000000070b200000| Complete 
| 129|0x000000070b300000, 0x000000070b400000, 0x000000070b400000|100%| E|CS|TAMS 0x000000070b300000, 0x000000070b300000| Complete 
| 130|0x000000070b400000, 0x000000070b500000, 0x000000070b500000|100%| E|CS|TAMS 0x000000070b400000, 0x000000070b400000| Complete 
| 131|0x000000070b500000, 0x000000070b600000, 0x000000070b600000|100%| E|CS|TAMS 0x000000070b500000, 0x000000070b500000| Complete 
| 132|0x000000070b600000, 0x000000070b700000, 0x000000070b700000|100%| E|CS|TAMS 0x000000070b600000, 0x000000070b600000| Complete 
| 133|0x000000070b700000, 0x000000070b800000, 0x000000070b800000|100%| E|CS|TAMS 0x000000070b700000, 0x000000070b700000| Complete 
| 134|0x000000070b800000, 0x000000070b900000, 0x000000070b900000|100%| E|CS|TAMS 0x000000070b800000, 0x000000070b800000| Complete 
| 135|0x000000070b900000, 0x000000070ba00000, 0x000000070ba00000|100%| E|CS|TAMS 0x000000070b900000, 0x000000070b900000| Complete 
| 136|0x000000070ba00000, 0x000000070bb00000, 0x000000070bb00000|100%| E|CS|TAMS 0x000000070ba00000, 0x000000070ba00000| Complete 
| 137|0x000000070bb00000, 0x000000070bc00000, 0x000000070bc00000|100%| E|CS|TAMS 0x000000070bb00000, 0x000000070bb00000| Complete 
| 138|0x000000070bc00000, 0x000000070bd00000, 0x000000070bd00000|100%| E|CS|TAMS 0x000000070bc00000, 0x000000070bc00000| Complete 
| 139|0x000000070bd00000, 0x000000070be00000, 0x000000070be00000|100%| E|CS|TAMS 0x000000070bd00000, 0x000000070bd00000| Complete 
| 140|0x000000070be00000, 0x000000070bf00000, 0x000000070bf00000|100%| E|CS|TAMS 0x000000070be00000, 0x000000070be00000| Complete 
| 141|0x000000070bf00000, 0x000000070c000000, 0x000000070c000000|100%| E|CS|TAMS 0x000000070bf00000, 0x000000070bf00000| Complete 
| 142|0x000000070c000000, 0x000000070c100000, 0x000000070c100000|100%| E|CS|TAMS 0x000000070c000000, 0x000000070c000000| Complete 
| 143|0x000000070c100000, 0x000000070c200000, 0x000000070c200000|100%| E|CS|TAMS 0x000000070c100000, 0x000000070c100000| Complete 
| 144|0x000000070c200000, 0x000000070c300000, 0x000000070c300000|100%| E|CS|TAMS 0x000000070c200000, 0x000000070c200000| Complete 
| 145|0x000000070c300000, 0x000000070c400000, 0x000000070c400000|100%| E|CS|TAMS 0x000000070c300000, 0x000000070c300000| Complete 
| 146|0x000000070c400000, 0x000000070c500000, 0x000000070c500000|100%| E|CS|TAMS 0x000000070c400000, 0x000000070c400000| Complete 
| 147|0x000000070c500000, 0x000000070c600000, 0x000000070c600000|100%| E|CS|TAMS 0x000000070c500000, 0x000000070c500000| Complete 
| 148|0x000000070c600000, 0x000000070c700000, 0x000000070c700000|100%| E|CS|TAMS 0x000000070c600000, 0x000000070c600000| Complete 
| 149|0x000000070c700000, 0x000000070c800000, 0x000000070c800000|100%| E|CS|TAMS 0x000000070c700000, 0x000000070c700000| Complete 
| 150|0x000000070c800000, 0x000000070c900000, 0x000000070c900000|100%| E|CS|TAMS 0x000000070c800000, 0x000000070c800000| Complete 
| 151|0x000000070c900000, 0x000000070ca00000, 0x000000070ca00000|100%| E|CS|TAMS 0x000000070c900000, 0x000000070c900000| Complete 
| 152|0x000000070ca00000, 0x000000070cb00000, 0x000000070cb00000|100%| E|CS|TAMS 0x000000070ca00000, 0x000000070ca00000| Complete 
| 153|0x000000070cb00000, 0x000000070cc00000, 0x000000070cc00000|100%| E|CS|TAMS 0x000000070cb00000, 0x000000070cb00000| Complete 
| 154|0x000000070cc00000, 0x000000070cd00000, 0x000000070cd00000|100%| E|CS|TAMS 0x000000070cc00000, 0x000000070cc00000| Complete 
| 155|0x000000070cd00000, 0x000000070ce00000, 0x000000070ce00000|100%| E|CS|TAMS 0x000000070cd00000, 0x000000070cd00000| Complete 
| 156|0x000000070ce00000, 0x000000070cf00000, 0x000000070cf00000|100%| E|CS|TAMS 0x000000070ce00000, 0x000000070ce00000| Complete 
| 157|0x000000070cf00000, 0x000000070d000000, 0x000000070d000000|100%| E|CS|TAMS 0x000000070cf00000, 0x000000070cf00000| Complete 
| 158|0x000000070d000000, 0x000000070d100000, 0x000000070d100000|100%| E|CS|TAMS 0x000000070d000000, 0x000000070d000000| Complete 
| 159|0x000000070d100000, 0x000000070d200000, 0x000000070d200000|100%| E|CS|TAMS 0x000000070d100000, 0x000000070d100000| Complete 
| 160|0x000000070d200000, 0x000000070d300000, 0x000000070d300000|100%| E|CS|TAMS 0x000000070d200000, 0x000000070d200000| Complete 
| 161|0x000000070d300000, 0x000000070d400000, 0x000000070d400000|100%| E|CS|TAMS 0x000000070d300000, 0x000000070d300000| Complete 
| 162|0x000000070d400000, 0x000000070d500000, 0x000000070d500000|100%| E|CS|TAMS 0x000000070d400000, 0x000000070d400000| Complete 
| 163|0x000000070d500000, 0x000000070d600000, 0x000000070d600000|100%| E|CS|TAMS 0x000000070d500000, 0x000000070d500000| Complete 
| 164|0x000000070d600000, 0x000000070d700000, 0x000000070d700000|100%| E|CS|TAMS 0x000000070d600000, 0x000000070d600000| Complete 
| 165|0x000000070d700000, 0x000000070d800000, 0x000000070d800000|100%| E|CS|TAMS 0x000000070d700000, 0x000000070d700000| Complete 
| 166|0x000000070d800000, 0x000000070d900000, 0x000000070d900000|100%| E|CS|TAMS 0x000000070d800000, 0x000000070d800000| Complete 
| 167|0x000000070d900000, 0x000000070da00000, 0x000000070da00000|100%| E|CS|TAMS 0x000000070d900000, 0x000000070d900000| Complete 
| 168|0x000000070da00000, 0x000000070db00000, 0x000000070db00000|100%| E|CS|TAMS 0x000000070da00000, 0x000000070da00000| Complete 
| 169|0x000000070db00000, 0x000000070dc00000, 0x000000070dc00000|100%| E|CS|TAMS 0x000000070db00000, 0x000000070db00000| Complete 
| 170|0x000000070dc00000, 0x000000070dd00000, 0x000000070dd00000|100%| E|CS|TAMS 0x000000070dc00000, 0x000000070dc00000| Complete 
| 171|0x000000070dd00000, 0x000000070de00000, 0x000000070de00000|100%| E|CS|TAMS 0x000000070dd00000, 0x000000070dd00000| Complete 
| 172|0x000000070de00000, 0x000000070df00000, 0x000000070df00000|100%| E|CS|TAMS 0x000000070de00000, 0x000000070de00000| Complete 
| 173|0x000000070df00000, 0x000000070e000000, 0x000000070e000000|100%| E|CS|TAMS 0x000000070df00000, 0x000000070df00000| Complete 
| 174|0x000000070e000000, 0x000000070e100000, 0x000000070e100000|100%| E|CS|TAMS 0x000000070e000000, 0x000000070e000000| Complete 
| 175|0x000000070e100000, 0x000000070e200000, 0x000000070e200000|100%| E|CS|TAMS 0x000000070e100000, 0x000000070e100000| Complete 
| 176|0x000000070e200000, 0x000000070e300000, 0x000000070e300000|100%| E|CS|TAMS 0x000000070e200000, 0x000000070e200000| Complete 
| 177|0x000000070e300000, 0x000000070e400000, 0x000000070e400000|100%| E|CS|TAMS 0x000000070e300000, 0x000000070e300000| Complete 
| 178|0x000000070e400000, 0x000000070e500000, 0x000000070e500000|100%| E|CS|TAMS 0x000000070e400000, 0x000000070e400000| Complete 
| 179|0x000000070e500000, 0x000000070e600000, 0x000000070e600000|100%| E|CS|TAMS 0x000000070e500000, 0x000000070e500000| Complete 
| 180|0x000000070e600000, 0x000000070e700000, 0x000000070e700000|100%| E|CS|TAMS 0x000000070e600000, 0x000000070e600000| Complete 
| 181|0x000000070e700000, 0x000000070e800000, 0x000000070e800000|100%| E|CS|TAMS 0x000000070e700000, 0x000000070e700000| Complete 
| 182|0x000000070e800000, 0x000000070e900000, 0x000000070e900000|100%| E|CS|TAMS 0x000000070e800000, 0x000000070e800000| Complete 
| 183|0x000000070e900000, 0x000000070ea00000, 0x000000070ea00000|100%| E|CS|TAMS 0x000000070e900000, 0x000000070e900000| Complete 
| 184|0x000000070ea00000, 0x000000070eb00000, 0x000000070eb00000|100%| E|CS|TAMS 0x000000070ea00000, 0x000000070ea00000| Complete 
| 185|0x000000070eb00000, 0x000000070ec00000, 0x000000070ec00000|100%| E|CS|TAMS 0x000000070eb00000, 0x000000070eb00000| Complete 
| 186|0x000000070ec00000, 0x000000070ed00000, 0x000000070ed00000|100%| E|CS|TAMS 0x000000070ec00000, 0x000000070ec00000| Complete 
| 187|0x000000070ed00000, 0x000000070ee00000, 0x000000070ee00000|100%| E|CS|TAMS 0x000000070ed00000, 0x000000070ed00000| Complete 
| 188|0x000000070ee00000, 0x000000070ef00000, 0x000000070ef00000|100%| E|CS|TAMS 0x000000070ee00000, 0x000000070ee00000| Complete 
| 189|0x000000070ef00000, 0x000000070f000000, 0x000000070f000000|100%| E|CS|TAMS 0x000000070ef00000, 0x000000070ef00000| Complete 
| 190|0x000000070f000000, 0x000000070f100000, 0x000000070f100000|100%| E|CS|TAMS 0x000000070f000000, 0x000000070f000000| Complete 
| 191|0x000000070f100000, 0x000000070f200000, 0x000000070f200000|100%| E|CS|TAMS 0x000000070f100000, 0x000000070f100000| Complete 
| 192|0x000000070f200000, 0x000000070f300000, 0x000000070f300000|100%| E|CS|TAMS 0x000000070f200000, 0x000000070f200000| Complete 
| 193|0x000000070f300000, 0x000000070f400000, 0x000000070f400000|100%| E|CS|TAMS 0x000000070f300000, 0x000000070f300000| Complete 
| 194|0x000000070f400000, 0x000000070f500000, 0x000000070f500000|100%| E|CS|TAMS 0x000000070f400000, 0x000000070f400000| Complete 
| 195|0x000000070f500000, 0x000000070f600000, 0x000000070f600000|100%| E|CS|TAMS 0x000000070f500000, 0x000000070f500000| Complete 
| 196|0x000000070f600000, 0x000000070f700000, 0x000000070f700000|100%| E|CS|TAMS 0x000000070f600000, 0x000000070f600000| Complete 
| 197|0x000000070f700000, 0x000000070f800000, 0x000000070f800000|100%| E|CS|TAMS 0x000000070f700000, 0x000000070f700000| Complete 
| 198|0x000000070f800000, 0x000000070f900000, 0x000000070f900000|100%| E|CS|TAMS 0x000000070f800000, 0x000000070f800000| Complete 
| 199|0x000000070f900000, 0x000000070fa00000, 0x000000070fa00000|100%| E|CS|TAMS 0x000000070f900000, 0x000000070f900000| Complete 
| 200|0x000000070fa00000, 0x000000070fb00000, 0x000000070fb00000|100%| E|CS|TAMS 0x000000070fa00000, 0x000000070fa00000| Complete 
| 201|0x000000070fb00000, 0x000000070fc00000, 0x000000070fc00000|100%| E|CS|TAMS 0x000000070fb00000, 0x000000070fb00000| Complete 
| 202|0x000000070fc00000, 0x000000070fd00000, 0x000000070fd00000|100%| E|CS|TAMS 0x000000070fc00000, 0x000000070fc00000| Complete 
| 203|0x000000070fd00000, 0x000000070fe00000, 0x000000070fe00000|100%| E|CS|TAMS 0x000000070fd00000, 0x000000070fd00000| Complete 
| 204|0x000000070fe00000, 0x000000070ff00000, 0x000000070ff00000|100%| E|CS|TAMS 0x000000070fe00000, 0x000000070fe00000| Complete 
| 205|0x000000070ff00000, 0x0000000710000000, 0x0000000710000000|100%| E|CS|TAMS 0x000000070ff00000, 0x000000070ff00000| Complete 
| 206|0x0000000710000000, 0x0000000710100000, 0x0000000710100000|100%| E|CS|TAMS 0x0000000710000000, 0x0000000710000000| Complete 
| 207|0x0000000710100000, 0x0000000710200000, 0x0000000710200000|100%| E|CS|TAMS 0x0000000710100000, 0x0000000710100000| Complete 
| 208|0x0000000710200000, 0x0000000710300000, 0x0000000710300000|100%| E|CS|TAMS 0x0000000710200000, 0x0000000710200000| Complete 
| 209|0x0000000710300000, 0x0000000710400000, 0x0000000710400000|100%| E|CS|TAMS 0x0000000710300000, 0x0000000710300000| Complete 
| 210|0x0000000710400000, 0x0000000710500000, 0x0000000710500000|100%| E|CS|TAMS 0x0000000710400000, 0x0000000710400000| Complete 
| 211|0x0000000710500000, 0x0000000710600000, 0x0000000710600000|100%| E|CS|TAMS 0x0000000710500000, 0x0000000710500000| Complete 
| 212|0x0000000710600000, 0x0000000710700000, 0x0000000710700000|100%| E|CS|TAMS 0x0000000710600000, 0x0000000710600000| Complete 
| 213|0x0000000710700000, 0x0000000710800000, 0x0000000710800000|100%| E|CS|TAMS 0x0000000710700000, 0x0000000710700000| Complete 
| 214|0x0000000710800000, 0x0000000710900000, 0x0000000710900000|100%| E|CS|TAMS 0x0000000710800000, 0x0000000710800000| Complete 
| 215|0x0000000710900000, 0x0000000710a00000, 0x0000000710a00000|100%| E|CS|TAMS 0x0000000710900000, 0x0000000710900000| Complete 
| 216|0x0000000710a00000, 0x0000000710b00000, 0x0000000710b00000|100%| E|CS|TAMS 0x0000000710a00000, 0x0000000710a00000| Complete 
| 217|0x0000000710b00000, 0x0000000710c00000, 0x0000000710c00000|100%| E|CS|TAMS 0x0000000710b00000, 0x0000000710b00000| Complete 
| 218|0x0000000710c00000, 0x0000000710d00000, 0x0000000710d00000|100%| E|CS|TAMS 0x0000000710c00000, 0x0000000710c00000| Complete 
| 219|0x0000000710d00000, 0x0000000710e00000, 0x0000000710e00000|100%| E|CS|TAMS 0x0000000710d00000, 0x0000000710d00000| Complete 
| 220|0x0000000710e00000, 0x0000000710f00000, 0x0000000710f00000|100%| E|CS|TAMS 0x0000000710e00000, 0x0000000710e00000| Complete 
| 221|0x0000000710f00000, 0x0000000711000000, 0x0000000711000000|100%| E|CS|TAMS 0x0000000710f00000, 0x0000000710f00000| Complete 
| 222|0x0000000711000000, 0x0000000711100000, 0x0000000711100000|100%| E|CS|TAMS 0x0000000711000000, 0x0000000711000000| Complete 
| 223|0x0000000711100000, 0x0000000711200000, 0x0000000711200000|100%| E|CS|TAMS 0x0000000711100000, 0x0000000711100000| Complete 
| 224|0x0000000711200000, 0x0000000711300000, 0x0000000711300000|100%| E|CS|TAMS 0x0000000711200000, 0x0000000711200000| Complete 
| 225|0x0000000711300000, 0x0000000711400000, 0x0000000711400000|100%| E|CS|TAMS 0x0000000711300000, 0x0000000711300000| Complete 
| 226|0x0000000711400000, 0x0000000711500000, 0x0000000711500000|100%| E|CS|TAMS 0x0000000711400000, 0x0000000711400000| Complete 
| 227|0x0000000711500000, 0x0000000711600000, 0x0000000711600000|100%| E|CS|TAMS 0x0000000711500000, 0x0000000711500000| Complete 
| 228|0x0000000711600000, 0x0000000711700000, 0x0000000711700000|100%| E|CS|TAMS 0x0000000711600000, 0x0000000711600000| Complete 
| 229|0x0000000711700000, 0x0000000711800000, 0x0000000711800000|100%| E|CS|TAMS 0x0000000711700000, 0x0000000711700000| Complete 
| 230|0x0000000711800000, 0x0000000711900000, 0x0000000711900000|100%| E|CS|TAMS 0x0000000711800000, 0x0000000711800000| Complete 
| 231|0x0000000711900000, 0x0000000711a00000, 0x0000000711a00000|100%| E|CS|TAMS 0x0000000711900000, 0x0000000711900000| Complete 
| 232|0x0000000711a00000, 0x0000000711b00000, 0x0000000711b00000|100%| E|CS|TAMS 0x0000000711a00000, 0x0000000711a00000| Complete 
| 233|0x0000000711b00000, 0x0000000711c00000, 0x0000000711c00000|100%| E|CS|TAMS 0x0000000711b00000, 0x0000000711b00000| Complete 
| 234|0x0000000711c00000, 0x0000000711d00000, 0x0000000711d00000|100%| E|CS|TAMS 0x0000000711c00000, 0x0000000711c00000| Complete 
| 235|0x0000000711d00000, 0x0000000711e00000, 0x0000000711e00000|100%| E|CS|TAMS 0x0000000711d00000, 0x0000000711d00000| Complete 
| 236|0x0000000711e00000, 0x0000000711f00000, 0x0000000711f00000|100%| E|CS|TAMS 0x0000000711e00000, 0x0000000711e00000| Complete 
| 237|0x0000000711f00000, 0x0000000712000000, 0x0000000712000000|100%| E|CS|TAMS 0x0000000711f00000, 0x0000000711f00000| Complete 
| 238|0x0000000712000000, 0x0000000712100000, 0x0000000712100000|100%| E|CS|TAMS 0x0000000712000000, 0x0000000712000000| Complete 
| 239|0x0000000712100000, 0x0000000712200000, 0x0000000712200000|100%| E|CS|TAMS 0x0000000712100000, 0x0000000712100000| Complete 
| 240|0x0000000712200000, 0x0000000712300000, 0x0000000712300000|100%| E|CS|TAMS 0x0000000712200000, 0x0000000712200000| Complete 
| 241|0x0000000712300000, 0x0000000712400000, 0x0000000712400000|100%| E|CS|TAMS 0x0000000712300000, 0x0000000712300000| Complete 
| 242|0x0000000712400000, 0x0000000712500000, 0x0000000712500000|100%| E|CS|TAMS 0x0000000712400000, 0x0000000712400000| Complete 
| 243|0x0000000712500000, 0x0000000712600000, 0x0000000712600000|100%| E|CS|TAMS 0x0000000712500000, 0x0000000712500000| Complete 
| 244|0x0000000712600000, 0x0000000712700000, 0x0000000712700000|100%| E|CS|TAMS 0x0000000712600000, 0x0000000712600000| Complete 
| 245|0x0000000712700000, 0x0000000712800000, 0x0000000712800000|100%| E|CS|TAMS 0x0000000712700000, 0x0000000712700000| Complete 
| 246|0x0000000712800000, 0x0000000712900000, 0x0000000712900000|100%| E|CS|TAMS 0x0000000712800000, 0x0000000712800000| Complete 
| 247|0x0000000712900000, 0x0000000712a00000, 0x0000000712a00000|100%| E|CS|TAMS 0x0000000712900000, 0x0000000712900000| Complete 
| 248|0x0000000712a00000, 0x0000000712b00000, 0x0000000712b00000|100%| E|CS|TAMS 0x0000000712a00000, 0x0000000712a00000| Complete 
| 249|0x0000000712b00000, 0x0000000712c00000, 0x0000000712c00000|100%| E|CS|TAMS 0x0000000712b00000, 0x0000000712b00000| Complete 
| 250|0x0000000712c00000, 0x0000000712d00000, 0x0000000712d00000|100%| E|CS|TAMS 0x0000000712c00000, 0x0000000712c00000| Complete 
| 251|0x0000000712d00000, 0x0000000712e00000, 0x0000000712e00000|100%| E|CS|TAMS 0x0000000712d00000, 0x0000000712d00000| Complete 
| 252|0x0000000712e00000, 0x0000000712f00000, 0x0000000712f00000|100%| E|CS|TAMS 0x0000000712e00000, 0x0000000712e00000| Complete 
| 253|0x0000000712f00000, 0x0000000713000000, 0x0000000713000000|100%| E|CS|TAMS 0x0000000712f00000, 0x0000000712f00000| Complete 
| 254|0x0000000713000000, 0x0000000713100000, 0x0000000713100000|100%| E|CS|TAMS 0x0000000713000000, 0x0000000713000000| Complete 
| 255|0x0000000713100000, 0x0000000713200000, 0x0000000713200000|100%| E|CS|TAMS 0x0000000713100000, 0x0000000713100000| Complete 
| 256|0x0000000713200000, 0x0000000713300000, 0x0000000713300000|100%| E|CS|TAMS 0x0000000713200000, 0x0000000713200000| Complete 
| 257|0x0000000713300000, 0x0000000713400000, 0x0000000713400000|100%| E|CS|TAMS 0x0000000713300000, 0x0000000713300000| Complete 
| 258|0x0000000713400000, 0x0000000713500000, 0x0000000713500000|100%| E|CS|TAMS 0x0000000713400000, 0x0000000713400000| Complete 
| 259|0x0000000713500000, 0x0000000713600000, 0x0000000713600000|100%| E|CS|TAMS 0x0000000713500000, 0x0000000713500000| Complete 
| 260|0x0000000713600000, 0x0000000713700000, 0x0000000713700000|100%| E|CS|TAMS 0x0000000713600000, 0x0000000713600000| Complete 
| 261|0x0000000713700000, 0x0000000713800000, 0x0000000713800000|100%| E|CS|TAMS 0x0000000713700000, 0x0000000713700000| Complete 
| 262|0x0000000713800000, 0x0000000713900000, 0x0000000713900000|100%| E|CS|TAMS 0x0000000713800000, 0x0000000713800000| Complete 
| 263|0x0000000713900000, 0x0000000713a00000, 0x0000000713a00000|100%| E|CS|TAMS 0x0000000713900000, 0x0000000713900000| Complete 
| 264|0x0000000713a00000, 0x0000000713b00000, 0x0000000713b00000|100%| E|CS|TAMS 0x0000000713a00000, 0x0000000713a00000| Complete 
| 265|0x0000000713b00000, 0x0000000713c00000, 0x0000000713c00000|100%| E|CS|TAMS 0x0000000713b00000, 0x0000000713b00000| Complete 
| 266|0x0000000713c00000, 0x0000000713d00000, 0x0000000713d00000|100%| E|CS|TAMS 0x0000000713c00000, 0x0000000713c00000| Complete 
| 267|0x0000000713d00000, 0x0000000713e00000, 0x0000000713e00000|100%| E|CS|TAMS 0x0000000713d00000, 0x0000000713d00000| Complete 
| 268|0x0000000713e00000, 0x0000000713f00000, 0x0000000713f00000|100%| E|CS|TAMS 0x0000000713e00000, 0x0000000713e00000| Complete 
| 269|0x0000000713f00000, 0x0000000714000000, 0x0000000714000000|100%| E|CS|TAMS 0x0000000713f00000, 0x0000000713f00000| Complete 
| 270|0x0000000714000000, 0x0000000714100000, 0x0000000714100000|100%| E|CS|TAMS 0x0000000714000000, 0x0000000714000000| Complete 
| 271|0x0000000714100000, 0x0000000714200000, 0x0000000714200000|100%| E|CS|TAMS 0x0000000714100000, 0x0000000714100000| Complete 
| 272|0x0000000714200000, 0x0000000714300000, 0x0000000714300000|100%| E|CS|TAMS 0x0000000714200000, 0x0000000714200000| Complete 
| 273|0x0000000714300000, 0x0000000714400000, 0x0000000714400000|100%| E|CS|TAMS 0x0000000714300000, 0x0000000714300000| Complete 
| 274|0x0000000714400000, 0x0000000714500000, 0x0000000714500000|100%| E|CS|TAMS 0x0000000714400000, 0x0000000714400000| Complete 
| 275|0x0000000714500000, 0x0000000714600000, 0x0000000714600000|100%| E|CS|TAMS 0x0000000714500000, 0x0000000714500000| Complete 
| 276|0x0000000714600000, 0x0000000714700000, 0x0000000714700000|100%| E|CS|TAMS 0x0000000714600000, 0x0000000714600000| Complete 
| 277|0x0000000714700000, 0x0000000714800000, 0x0000000714800000|100%| E|CS|TAMS 0x0000000714700000, 0x0000000714700000| Complete 
| 278|0x0000000714800000, 0x0000000714900000, 0x0000000714900000|100%| E|CS|TAMS 0x0000000714800000, 0x0000000714800000| Complete 
| 279|0x0000000714900000, 0x0000000714a00000, 0x0000000714a00000|100%| E|CS|TAMS 0x0000000714900000, 0x0000000714900000| Complete 
| 280|0x0000000714a00000, 0x0000000714b00000, 0x0000000714b00000|100%| E|CS|TAMS 0x0000000714a00000, 0x0000000714a00000| Complete 
| 281|0x0000000714b00000, 0x0000000714c00000, 0x0000000714c00000|100%| E|CS|TAMS 0x0000000714b00000, 0x0000000714b00000| Complete 
| 282|0x0000000714c00000, 0x0000000714d00000, 0x0000000714d00000|100%| E|CS|TAMS 0x0000000714c00000, 0x0000000714c00000| Complete 
| 283|0x0000000714d00000, 0x0000000714e00000, 0x0000000714e00000|100%| E|CS|TAMS 0x0000000714d00000, 0x0000000714d00000| Complete 
| 284|0x0000000714e00000, 0x0000000714f00000, 0x0000000714f00000|100%| E|CS|TAMS 0x0000000714e00000, 0x0000000714e00000| Complete 
| 285|0x0000000714f00000, 0x0000000715000000, 0x0000000715000000|100%| E|CS|TAMS 0x0000000714f00000, 0x0000000714f00000| Complete 
| 286|0x0000000715000000, 0x0000000715100000, 0x0000000715100000|100%| E|CS|TAMS 0x0000000715000000, 0x0000000715000000| Complete 
| 287|0x0000000715100000, 0x0000000715200000, 0x0000000715200000|100%| E|CS|TAMS 0x0000000715100000, 0x0000000715100000| Complete 
| 288|0x0000000715200000, 0x0000000715300000, 0x0000000715300000|100%| E|CS|TAMS 0x0000000715200000, 0x0000000715200000| Complete 
| 289|0x0000000715300000, 0x0000000715400000, 0x0000000715400000|100%| E|CS|TAMS 0x0000000715300000, 0x0000000715300000| Complete 
| 290|0x0000000715400000, 0x0000000715500000, 0x0000000715500000|100%| E|CS|TAMS 0x0000000715400000, 0x0000000715400000| Complete 
| 291|0x0000000715500000, 0x0000000715600000, 0x0000000715600000|100%| E|CS|TAMS 0x0000000715500000, 0x0000000715500000| Complete 
| 292|0x0000000715600000, 0x0000000715700000, 0x0000000715700000|100%| E|CS|TAMS 0x0000000715600000, 0x0000000715600000| Complete 
| 293|0x0000000715700000, 0x0000000715800000, 0x0000000715800000|100%| E|CS|TAMS 0x0000000715700000, 0x0000000715700000| Complete 
| 294|0x0000000715800000, 0x0000000715900000, 0x0000000715900000|100%| E|CS|TAMS 0x0000000715800000, 0x0000000715800000| Complete 
| 295|0x0000000715900000, 0x0000000715a00000, 0x0000000715a00000|100%| E|CS|TAMS 0x0000000715900000, 0x0000000715900000| Complete 
| 296|0x0000000715a00000, 0x0000000715b00000, 0x0000000715b00000|100%| E|CS|TAMS 0x0000000715a00000, 0x0000000715a00000| Complete 
| 297|0x0000000715b00000, 0x0000000715c00000, 0x0000000715c00000|100%| E|CS|TAMS 0x0000000715b00000, 0x0000000715b00000| Complete 
| 298|0x0000000715c00000, 0x0000000715d00000, 0x0000000715d00000|100%| E|CS|TAMS 0x0000000715c00000, 0x0000000715c00000| Complete 
| 299|0x0000000715d00000, 0x0000000715e00000, 0x0000000715e00000|100%| E|CS|TAMS 0x0000000715d00000, 0x0000000715d00000| Complete 
| 300|0x0000000715e00000, 0x0000000715f00000, 0x0000000715f00000|100%| E|CS|TAMS 0x0000000715e00000, 0x0000000715e00000| Complete 
| 301|0x0000000715f00000, 0x0000000716000000, 0x0000000716000000|100%| E|CS|TAMS 0x0000000715f00000, 0x0000000715f00000| Complete 
| 302|0x0000000716000000, 0x0000000716100000, 0x0000000716100000|100%| E|CS|TAMS 0x0000000716000000, 0x0000000716000000| Complete 
| 303|0x0000000716100000, 0x0000000716200000, 0x0000000716200000|100%| E|CS|TAMS 0x0000000716100000, 0x0000000716100000| Complete 
| 304|0x0000000716200000, 0x0000000716300000, 0x0000000716300000|100%| E|CS|TAMS 0x0000000716200000, 0x0000000716200000| Complete 

Card table byte_map: [0x0000026078910000,0x0000026079100000] _byte_map_base: 0x00000260750f7000

Marking Bits (Prev, Next): (CMBitMap*) 0x0000026073d95750, (CMBitMap*) 0x0000026073d95718
 Prev Bits: [0x000002600f000000, 0x0000026012f38000)
 Next Bits: [0x00000260798f0000, 0x000002607d828000)

Polling page: 0x0000026073440000

Metaspace:

Usage:
  Non-class:     62.77 MB capacity,    61.79 MB ( 98%) used,   778.70 KB (  1%) free+waste,   223.56 KB ( <1%) overhead. 
      Class:      9.63 MB capacity,     8.99 MB ( 93%) used,   553.01 KB (  6%) free+waste,   103.63 KB (  1%) overhead. 
       Both:     72.40 MB capacity,    70.78 MB ( 98%) used,     1.30 MB (  2%) free+waste,   327.19 KB ( <1%) overhead. 

Virtual space:
  Non-class space:       64.00 MB reserved,      62.95 MB ( 98%) committed 
      Class space:        1.00 GB reserved,       9.71 MB ( <1%) committed 
             Both:        1.06 GB reserved,      72.66 MB (  7%) committed 

Chunk freelists:
   Non-Class:  63.00 KB
       Class:  0 bytes
        Both:  63.00 KB

CodeHeap 'non-profiled nmethods': size=120000Kb used=5138Kb max_used=6030Kb free=114861Kb
 bounds [0x0000026007ad0000, 0x00000260080c0000, 0x000002600f000000]
CodeHeap 'profiled nmethods': size=120000Kb used=14625Kb max_used=17725Kb free=105374Kb
 bounds [0x00000260005a0000, 0x0000026001700000, 0x0000026007ad0000]
CodeHeap 'non-nmethods': size=5760Kb used=1272Kb max_used=1346Kb free=4487Kb
 bounds [0x0000026000000000, 0x0000026000270000, 0x00000260005a0000]
 total_blobs=11411 nmethods=6929 adapters=557
 compilation: enabled
              stopped_count=0, restarted_count=0
 full_count=0

Compilation events (10 events):
Event: 104837.632 Thread 0x0000026013e90800 8425       4       com.mysql.cj.protocol.a.PacketSplitter::nextPacket (99 bytes)
Event: 104837.634 Thread 0x0000026013e90800 nmethod 8425 0x0000026007c7c790 code [0x0000026007c7c920, 0x0000026007c7c9f8]
Event: 104861.684 Thread 0x0000026013e94000 8426       3       java.util.concurrent.ConcurrentSkipListMap::cpr (26 bytes)
Event: 104861.686 Thread 0x0000026013e94000 nmethod 8426 0x0000026000808a90 code [0x0000026000808c80, 0x00000260008090c0]
Event: 104861.692 Thread 0x0000026013e94000 8427       3       java.net.InetAddress$CachedAddresses::compareTo (9 bytes)
Event: 104861.693 Thread 0x0000026013e94000 nmethod 8427 0x00000260007e6910 code [0x00000260007e6ae0, 0x00000260007e6d70]
Event: 104861.693 Thread 0x0000026013e94000 8428       3       java.net.InetAddress$CachedAddresses::compareTo (38 bytes)
Event: 104861.694 Thread 0x0000026013e94000 nmethod 8428 0x000002600080c410 code [0x000002600080c5e0, 0x000002600080c958]
Event: 104861.714 Thread 0x0000026013e90800 8429       4       sun.security.util.DisabledAlgorithmConstraints::checkConstraints (64 bytes)
Event: 104861.889 Thread 0x0000026013e90800 nmethod 8429 0x0000026007cd8f10 code [0x0000026007cd9260, 0x0000026007cdbb10]

GC Heap History (10 events):
Event: 2.923 GC heap after
{Heap after GC invocations=5 (full 0):
 garbage-first heap   total 260096K, used 14906K [0x0000000703200000, 0x0000000800000000)
  region size 1024K, 8 young (8192K), 8 survivors (8192K)
 Metaspace       used 34492K, capacity 35251K, committed 35452K, reserved 1081344K
  class space    used 4123K, capacity 4448K, committed 4480K, reserved 1048576K
}
Event: 3.030 GC heap before
{Heap before GC invocations=5 (full 0):
 garbage-first heap   total 260096K, used 22074K [0x0000000703200000, 0x0000000800000000)
  region size 1024K, 16 young (16384K), 8 survivors (8192K)
 Metaspace       used 35204K, capacity 35971K, committed 36048K, reserved 1081344K
  class space    used 4233K, capacity 4559K, committed 4608K, reserved 1048576K
}
Event: 3.036 GC heap after
{Heap after GC invocations=6 (full 0):
 garbage-first heap   total 312320K, used 15559K [0x0000000703200000, 0x0000000800000000)
  region size 1024K, 9 young (9216K), 9 survivors (9216K)
 Metaspace       used 35204K, capacity 35971K, committed 36048K, reserved 1081344K
  class space    used 4233K, capacity 4559K, committed 4608K, reserved 1048576K
}
Event: 5.551 GC heap before
{Heap before GC invocations=7 (full 0):
 garbage-first heap   total 312320K, used 174279K [0x0000000703200000, 0x0000000800000000)
  region size 1024K, 166 young (169984K), 9 survivors (9216K)
 Metaspace       used 59277K, capacity 60443K, committed 60496K, reserved 1101824K
  class space    used 7561K, capacity 8017K, committed 8064K, reserved 1048576K
}
Event: 5.570 GC heap after
{Heap after GC invocations=8 (full 0):
 garbage-first heap   total 312320K, used 23911K [0x0000000703200000, 0x0000000800000000)
  region size 1024K, 17 young (17408K), 17 survivors (17408K)
 Metaspace       used 59277K, capacity 60443K, committed 60496K, reserved 1101824K
  class space    used 7561K, capacity 8017K, committed 8064K, reserved 1048576K
}
Event: 7099.612 GC heap before
{Heap before GC invocations=9 (full 0):
 garbage-first heap   total 312320K, used 193895K [0x0000000703200000, 0x0000000800000000)
  region size 1024K, 183 young (187392K), 17 survivors (17408K)
 Metaspace       used 71724K, capacity 73430K, committed 73640K, reserved 1114112K
  class space    used 9206K, capacity 9865K, committed 9944K, reserved 1048576K
}
Event: 7099.637 GC heap after
{Heap after GC invocations=10 (full 0):
 garbage-first heap   total 312320K, used 30655K [0x0000000703200000, 0x0000000800000000)
  region size 1024K, 17 young (17408K), 17 survivors (17408K)
 Metaspace       used 71724K, capacity 73430K, committed 73640K, reserved 1114112K
  class space    used 9206K, capacity 9865K, committed 9944K, reserved 1048576K
}
Event: 79977.103 GC heap before
{Heap before GC invocations=10 (full 0):
 garbage-first heap   total 312320K, used 200639K [0x0000000703200000, 0x0000000800000000)
  region size 1024K, 183 young (187392K), 17 survivors (17408K)
 Metaspace       used 72176K, capacity 73882K, committed 74152K, reserved 1114112K
  class space    used 9207K, capacity 9865K, committed 9944K, reserved 1048576K
}
Event: 79977.135 GC heap after
{Heap after GC invocations=11 (full 0):
 garbage-first heap   total 312320K, used 34425K [0x0000000703200000, 0x0000000800000000)
  region size 1024K, 12 young (12288K), 12 survivors (12288K)
 Metaspace       used 72176K, capacity 73882K, committed 74152K, reserved 1114112K
  class space    used 9207K, capacity 9865K, committed 9944K, reserved 1048576K
}
Event: 104880.075 GC heap before
{Heap before GC invocations=11 (full 0):
 garbage-first heap   total 312320K, used 209529K [0x0000000703200000, 0x0000000800000000)
  region size 1024K, 183 young (187392K), 12 survivors (12288K)
 Metaspace       used 72479K, capacity 74138K, committed 74408K, reserved 1114112K
  class space    used 9208K, capacity 9865K, committed 9944K, reserved 1048576K
}

Deoptimization events (10 events):
Event: 83496.098 Thread 0x0000026015abe000 DEOPT PACKING pc=0x0000026007bdc4b8 sp=0x00000063e32fd520
Event: 83496.098 Thread 0x0000026015abe000 DEOPT UNPACKING pc=0x00000260000291af sp=0x00000063e32fd480 mode 2
Event: 83496.099 Thread 0x0000026015abe000 Uncommon trap: trap_request=0xffffffbe fr.pc=0x0000026007bdc4b8 relative=0x0000000000000a38
Event: 83496.099 Thread 0x0000026015abe000 Uncommon trap: reason=profile_predicate action=maybe_recompile pc=0x0000026007bdc4b8 method=java.math.BigInteger.longValue()J @ 5 c2
Event: 83496.099 Thread 0x0000026015abe000 DEOPT PACKING pc=0x0000026007bdc4b8 sp=0x00000063e32fd3b0
Event: 83496.099 Thread 0x0000026015abe000 DEOPT UNPACKING pc=0x00000260000291af sp=0x00000063e32fd310 mode 2
Event: 84394.222 Thread 0x0000026019158800 DEOPT PACKING pc=0x00000260005ed6a5 sp=0x00000063e51ff4b0
Event: 84394.222 Thread 0x0000026019158800 DEOPT UNPACKING pc=0x0000026000028fce sp=0x00000063e51fea08 mode 0
Event: 97732.203 Thread 0x0000026015ac0000 DEOPT PACKING pc=0x000002600169d163 sp=0x00000063e32fd5c0
Event: 97732.203 Thread 0x0000026015ac0000 DEOPT UNPACKING pc=0x0000026000028fce sp=0x00000063e32fca60 mode 0

Classes redefined (0 events):
No events

Internal exceptions (10 events):
Event: 7.224 Thread 0x0000026073d34800 Exception <a 'java/lang/IncompatibleClassChangeError'{0x000000070ed28238}: Found class java.lang.Object, but interface was expected> (0x000000070ed28238) thrown at [c:/BuildAgent/work/5ff2f6c26000d570/src/hotspot/share/interpreter/linkResolver.cpp, line 8
Event: 7.291 Thread 0x0000026073d34800 Exception <a 'java/lang/IncompatibleClassChangeError'{0x000000070e61d0e8}: Found class java.lang.Object, but interface was expected> (0x000000070e61d0e8) thrown at [c:/BuildAgent/work/5ff2f6c26000d570/src/hotspot/share/interpreter/linkResolver.cpp, line 8
Event: 7.302 Thread 0x0000026073d34800 Exception <a 'java/lang/NoSuchMethodError'{0x000000070e677508}: 'java.lang.Object java.lang.invoke.DirectMethodHandle$Holder.invokeStatic(java.lang.Object, java.lang.Object, java.lang.Object, java.lang.Object, java.lang.Object, java.lang.Object, java.lang
Event: 7.303 Thread 0x0000026073d34800 Exception <a 'java/lang/NoSuchMethodError'{0x000000070e6956f8}: 'java.lang.Object java.lang.invoke.DirectMethodHandle$Holder.invokeStatic(java.lang.Object, java.lang.Object, java.lang.Object, java.lang.Object, java.lang.Object, java.lang.Object, java.lang
Event: 7.304 Thread 0x0000026073d34800 Exception <a 'java/lang/NoSuchMethodError'{0x000000070e6b4730}: 'java.lang.Object java.lang.invoke.DirectMethodHandle$Holder.invokeStatic(java.lang.Object, java.lang.Object, java.lang.Object, java.lang.Object, java.lang.Object, java.lang.Object, java.lang
Event: 7.305 Thread 0x0000026073d34800 Exception <a 'java/lang/NoSuchMethodError'{0x000000070e6d4df0}: 'java.lang.Object java.lang.invoke.DirectMethodHandle$Holder.invokeStatic(java.lang.Object, java.lang.Object, java.lang.Object, java.lang.Object, java.lang.Object, java.lang.Object, java.lang
Event: 5384.275 Thread 0x0000026019158800 Implicit null exception at 0x0000026007fe52be to 0x0000026007fe54f2
Event: 5385.274 Thread 0x0000026019158800 Implicit null exception at 0x0000026007fe52be to 0x0000026007fe54f2
Event: 5386.275 Thread 0x0000026019158800 Implicit null exception at 0x0000026007fe52be to 0x0000026007fe54f2
Event: 5387.273 Thread 0x0000026019158800 Implicit null exception at 0x0000026007fe52be to 0x0000026007fe54f2

Events (10 events):
Event: 104866.047 Executing VM operation: RevokeBias done
Event: 104871.048 Executing VM operation: RevokeBias
Event: 104871.048 Executing VM operation: RevokeBias done
Event: 104871.048 Thread 0x0000026015ac0000 Thread exited: 0x0000026015ac0000
Event: 104871.095 Executing VM operation: RevokeBias
Event: 104871.095 Executing VM operation: RevokeBias done
Event: 104871.095 Thread 0x0000026015abe000 Thread exited: 0x0000026015abe000
Event: 104880.075 Thread 0x0000026015ac1800 Thread added: 0x0000026015ac1800
Event: 104880.075 Thread 0x0000026015abe000 Thread added: 0x0000026015abe000
Event: 104880.075 Executing VM operation: G1CollectForAllocation


Dynamic libraries:
0x00007ff60c8d0000 - 0x00007ff60c917000 	C:\Program Files\JetBrains\IntelliJ IDEA Community Edition 2019.1.3\jbr\bin\java.exe
0x00007ffd65260000 - 0x00007ffd65441000 	C:\windows\SYSTEM32\ntdll.dll
0x00007ffd627a0000 - 0x00007ffd62852000 	C:\windows\System32\KERNEL32.DLL
0x00007ffd616b0000 - 0x00007ffd61923000 	C:\windows\System32\KERNELBASE.dll
0x00007ffd64a70000 - 0x00007ffd64c00000 	C:\windows\System32\USER32.dll
0x00007ffd61630000 - 0x00007ffd61650000 	C:\windows\System32\win32u.dll
0x00007ffd64860000 - 0x00007ffd64888000 	C:\windows\System32\GDI32.dll
0x00007ffd61ad0000 - 0x00007ffd61c62000 	C:\windows\System32\gdi32full.dll
0x00007ffd61930000 - 0x00007ffd619cf000 	C:\windows\System32\msvcp_win.dll
0x00007ffd619d0000 - 0x00007ffd61aca000 	C:\windows\System32\ucrtbase.dll
0x00007ffd50110000 - 0x00007ffd50379000 	C:\windows\WinSxS\amd64_microsoft.windows.common-controls_6595b64144ccf1df_6.0.17134.590_none_fb3d9bff3069e088\COMCTL32.dll
0x00007ffd62a60000 - 0x00007ffd62afe000 	C:\windows\System32\msvcrt.dll
0x00007ffd62c20000 - 0x00007ffd62f42000 	C:\windows\System32\combase.dll
0x00007ffd64ca0000 - 0x00007ffd64dc4000 	C:\windows\System32\RPCRT4.dll
0x00007ffd623d0000 - 0x00007ffd6244a000 	C:\windows\System32\bcryptPrimitives.dll
0x00007ffd62750000 - 0x00007ffd6277d000 	C:\windows\System32\IMM32.DLL
0x00007ffd61430000 - 0x00007ffd6146c000 	C:\windows\system32\SophosAV\SOPHOS~1.DLL
0x00007ffd63340000 - 0x00007ffd63348000 	C:\windows\System32\PSAPI.DLL
0x00007ffd48a00000 - 0x00007ffd48a17000 	C:\Program Files\JetBrains\IntelliJ IDEA Community Edition 2019.1.3\jbr\bin\vcruntime140.dll
0x00007ffd15710000 - 0x00007ffd157ad000 	C:\Program Files\JetBrains\IntelliJ IDEA Community Edition 2019.1.3\jbr\bin\msvcp140.dll
0x00007ffd0dd90000 - 0x00007ffd0e848000 	C:\Program Files\JetBrains\IntelliJ IDEA Community Edition 2019.1.3\jbr\bin\server\jvm.dll
0x00007ffd62b70000 - 0x00007ffd62c11000 	C:\windows\System32\ADVAPI32.dll
0x00007ffd62a00000 - 0x00007ffd62a5b000 	C:\windows\System32\sechost.dll
0x00007ffd5ef30000 - 0x00007ffd5ef53000 	C:\windows\SYSTEM32\WINMM.dll
0x00007ffd55660000 - 0x00007ffd55669000 	C:\windows\SYSTEM32\WSOCK32.dll
0x00007ffd62b00000 - 0x00007ffd62b6c000 	C:\windows\System32\WS2_32.dll
0x00007ffd578a0000 - 0x00007ffd578aa000 	C:\windows\SYSTEM32\VERSION.dll
0x00007ffd5edd0000 - 0x00007ffd5edfa000 	C:\windows\SYSTEM32\WINMMBASE.dll
0x00007ffd62380000 - 0x00007ffd623c9000 	C:\windows\System32\cfgmgr32.dll
0x00007ffd615f0000 - 0x00007ffd61601000 	C:\windows\System32\kernel.appcore.dll
0x00007ffd4da50000 - 0x00007ffd4da61000 	C:\Program Files\JetBrains\IntelliJ IDEA Community Edition 2019.1.3\jbr\bin\verify.dll
0x00007ffd5ff60000 - 0x00007ffd60129000 	C:\windows\SYSTEM32\DBGHELP.DLL
0x00007ffd572a0000 - 0x00007ffd572c9000 	C:\windows\SYSTEM32\dbgcore.DLL
0x00007ffd4d970000 - 0x00007ffd4d999000 	C:\Program Files\JetBrains\IntelliJ IDEA Community Edition 2019.1.3\jbr\bin\java.dll
0x00007ffd43d00000 - 0x00007ffd43d34000 	C:\Program Files\JetBrains\IntelliJ IDEA Community Edition 2019.1.3\jbr\bin\instrument.dll
0x00007ffd4d950000 - 0x00007ffd4d967000 	C:\Program Files\JetBrains\IntelliJ IDEA Community Edition 2019.1.3\jbr\bin\zip.dll
0x00007ffd4dc20000 - 0x00007ffd4dc2b000 	C:\Program Files\JetBrains\IntelliJ IDEA Community Edition 2019.1.3\jbr\bin\jimage.dll
0x00007ffd63420000 - 0x00007ffd64860000 	C:\windows\System32\SHELL32.dll
0x00007ffd62950000 - 0x00007ffd629f9000 	C:\windows\System32\shcore.dll
0x00007ffd61c70000 - 0x00007ffd6237d000 	C:\windows\System32\windows.storage.dll
0x00007ffd626f0000 - 0x00007ffd62741000 	C:\windows\System32\shlwapi.dll
0x00007ffd61610000 - 0x00007ffd6162f000 	C:\windows\System32\profapi.dll
0x00007ffd61570000 - 0x00007ffd615bc000 	C:\windows\System32\powrprof.dll
0x00007ffd615c0000 - 0x00007ffd615ca000 	C:\windows\System32\FLTLIB.DLL
0x00007ffd4d2f0000 - 0x00007ffd4d30a000 	C:\Program Files\JetBrains\IntelliJ IDEA Community Edition 2019.1.3\jbr\bin\net.dll
0x00007ffd57400000 - 0x00007ffd574dd000 	C:\windows\SYSTEM32\WINHTTP.dll
0x00007ffd55490000 - 0x00007ffd55659000 	C:\windows\SYSTEM32\urlmon.dll
0x00007ffd55830000 - 0x00007ffd55ad5000 	C:\windows\SYSTEM32\iertutil.dll
0x00007ffd60e60000 - 0x00007ffd60e6b000 	C:\windows\SYSTEM32\CRYPTBASE.DLL
0x00007ffd60d00000 - 0x00007ffd60d66000 	C:\windows\system32\mswsock.dll
0x00007ffd435b0000 - 0x00007ffd435c4000 	C:\Program Files\JetBrains\IntelliJ IDEA Community Edition 2019.1.3\jbr\bin\nio.dll
0x00007ffd3b720000 - 0x00007ffd3b73a000 	C:\Program Files\JetBrains\IntelliJ IDEA Community Edition 2019.1.3\bin\breakgen64.dll
0x00007ffd4d940000 - 0x00007ffd4d94a000 	C:\Program Files\JetBrains\IntelliJ IDEA Community Edition 2019.1.3\jbr\bin\management.dll
0x00007ffd4d7a0000 - 0x00007ffd4d7ac000 	C:\Program Files\JetBrains\IntelliJ IDEA Community Edition 2019.1.3\jbr\bin\management_ext.dll
0x00007ffd45820000 - 0x00007ffd45836000 	C:\windows\system32\napinsp.dll
0x00007ffd457a0000 - 0x00007ffd457ba000 	C:\windows\system32\pnrpnsp.dll
0x00007ffd5d600000 - 0x00007ffd5d619000 	C:\windows\system32\NLAapi.dll
0x00007ffd60ad0000 - 0x00007ffd60b8e000 	C:\windows\SYSTEM32\DNSAPI.dll
0x00007ffd64dd0000 - 0x00007ffd64dd8000 	C:\windows\System32\NSI.dll
0x00007ffd60a90000 - 0x00007ffd60ac8000 	C:\windows\SYSTEM32\IPHLPAPI.DLL
0x00007ffd45840000 - 0x00007ffd4584e000 	C:\windows\System32\winrnr.dll
0x00007ffd55460000 - 0x00007ffd5546a000 	C:\Windows\System32\rasadhlp.dll
0x00007ffd5c470000 - 0x00007ffd5c4e2000 	C:\windows\System32\fwpuclnt.dll
0x00007ffd61070000 - 0x00007ffd61095000 	C:\windows\SYSTEM32\bcrypt.dll
0x00007ffd60f10000 - 0x00007ffd60f27000 	C:\windows\SYSTEM32\CRYPTSP.dll
0x00007ffd608f0000 - 0x00007ffd60923000 	C:\windows\system32\rsaenh.dll
0x00007ffd614a0000 - 0x00007ffd614c8000 	C:\windows\SYSTEM32\USERENV.dll
0x00007ffd5c3b0000 - 0x00007ffd5c3c6000 	C:\windows\SYSTEM32\dhcpcsvc6.DLL
0x00007ffd5c380000 - 0x00007ffd5c39a000 	C:\windows\SYSTEM32\dhcpcsvc.DLL
0x00007ffd48a20000 - 0x00007ffd48a48000 	C:\Program Files\JetBrains\IntelliJ IDEA Community Edition 2019.1.3\jbr\bin\sunec.dll

dbghelp: loaded successfully - version: 4.0.5 - missing functions: none
symbol engine: initialized successfully - sym options: 0x614 - pdb path: .;C:\Program Files\JetBrains\IntelliJ IDEA Community Edition 2019.1.3\jbr\bin;C:\windows\SYSTEM32;C:\windows\WinSxS\amd64_microsoft.windows.common-controls_6595b64144ccf1df_6.0.17134.590_none_fb3d9bff3069e088;C:\windows\system32\SophosAV;C:\Program Files\JetBrains\IntelliJ IDEA Community Edition 2019.1.3\jbr\bin\server;C:\Program Files\JetBrains\IntelliJ IDEA Community Edition 2019.1.3\bin

VM Arguments:
jvm_args: -javaagent:C:\Program Files\JetBrains\IntelliJ IDEA Community Edition 2019.1.3\lib\idea_rt.jar=56511:C:\Program Files\JetBrains\IntelliJ IDEA Community Edition 2019.1.3\bin -Dfile.encoding=UTF-8 
java_command: com.elca.jobfairmanagementsystem.JobFairManagementSystemApplication
java_class_path (initial): C:\devTools\Project\JobFairAppliction\target\classes;C:\Users\bfk\.m2\repository\org\springframework\boot\spring-boot-starter-data-jpa\2.2.0.RELEASE\spring-boot-starter-data-jpa-2.2.0.RELEASE.jar;C:\Users\bfk\.m2\repository\org\springframework\boot\spring-boot-starter-aop\2.2.0.RELEASE\spring-boot-starter-aop-2.2.0.RELEASE.jar;C:\Users\bfk\.m2\repository\org\aspectj\aspectjweaver\1.9.4\aspectjweaver-1.9.4.jar;C:\Users\bfk\.m2\repository\org\springframework\boot\spring-boot-starter-jdbc\2.2.0.RELEASE\spring-boot-starter-jdbc-2.2.0.RELEASE.jar;C:\Users\bfk\.m2\repository\com\zaxxer\HikariCP\3.4.1\HikariCP-3.4.1.jar;C:\Users\bfk\.m2\repository\org\springframework\spring-jdbc\5.2.0.RELEASE\spring-jdbc-5.2.0.RELEASE.jar;C:\Users\bfk\.m2\repository\jakarta\activation\jakarta.activation-api\1.2.1\jakarta.activation-api-1.2.1.jar;C:\Users\bfk\.m2\repository\jakarta\persistence\jakarta.persistence-api\2.2.3\jakarta.persistence-api-2.2.3.jar;C:\Users\bfk\.m2\repository\jakarta\transaction\jakarta.transaction-api\1.3.3\jakarta.transaction-api-1.3.3.jar;C:\Users\bfk\.m2\repository\org\hibernate\hibernate-core\5.4.6.Final\hibernate-core-5.4.6.Final.jar;C:\Users\bfk\.m2\repository\org\jboss\logging\jboss-logging\3.4.1.Final\jboss-logging-3.4.1.Final.jar;C:\Users\bfk\.m2\repository\org\javassist\javassist\3.24.0-GA\javassist-3.24.0-GA.jar;C:\Users\bfk\.m2\repository\net\bytebuddy\byte-buddy\1.10.1\byte-buddy-1.10.1.jar;C:\Users\bfk\.m2\repository\antlr\antlr\2.7.7\antlr-2.7.7.jar;C:\Users\bfk\.m2\repository\org\jboss\jandex\2.0.5.Final\jandex-2.0.5.Final.jar;C:\Users\bfk\.m2\repository\com\fasterxml\classmate\1.5.0\classmate-1.5.0.jar;C:\Users\bfk\.m2\repository\org\dom4j\dom4j\2.1.1\dom4j-2.1.1.jar;C:\Users\bfk\.m2\repository\org\hibernate\common\hibernate-commons-annotations\5.1.0.Final\hibernate-commons-annotations-5.1.0.Final.jar;C:\Users\bfk\.m2\repository\org\glassfish\jaxb\jaxb-runtime\2.3.2\jaxb-runtime-2.3.2.jar;C:\Users\bfk\.m2\repository\org
Launcher Type: SUN_STANDARD

[Global flags]
     intx CICompilerCount                          = 4                                         {product} {ergonomic}
     uint ConcGCThreads                            = 3                                         {product} {ergonomic}
     uint G1ConcRefinementThreads                  = 10                                        {product} {ergonomic}
   size_t G1HeapRegionSize                         = 1048576                                   {product} {ergonomic}
    uintx GCDrainStackTargetSize                   = 64                                        {product} {ergonomic}
   size_t InitialHeapSize                          = 266338304                                 {product} {ergonomic}
   size_t MarkStackSize                            = 4194304                                   {product} {ergonomic}
   size_t MaxHeapSize                              = 4242538496                                {product} {ergonomic}
   size_t MaxNewSize                               = 2544893952                                {product} {ergonomic}
   size_t MinHeapDeltaBytes                        = 1048576                                   {product} {ergonomic}
    uintx NonNMethodCodeHeapSize                   = 5835340                                {pd product} {ergonomic}
    uintx NonProfiledCodeHeapSize                  = 122911450                              {pd product} {ergonomic}
    uintx ProfiledCodeHeapSize                     = 122911450                              {pd product} {ergonomic}
    uintx ReservedCodeCacheSize                    = 251658240                              {pd product} {ergonomic}
     bool SegmentedCodeCache                       = true                                      {product} {ergonomic}
     bool UseCompressedClassPointers               = true                                 {lp64_product} {ergonomic}
     bool UseCompressedOops                        = true                                 {lp64_product} {ergonomic}
     bool UseG1GC                                  = true                                      {product} {ergonomic}
     bool UseLargePagesIndividualAllocation        = false                                  {pd product} {ergonomic}

Logging:
Log output configuration:
 #0: stdout all=warning uptime,level,tags
 #1: stderr all=off uptime,level,tags

Environment Variables:
JAVA_HOME=C:\Program Files\AdoptOpenJDK\jdk-11.0.3.7-hotspot\
PATH=C:\ProgramData\DockerDesktop\version-bin;C:\Program Files\Docker\Docker\Resources\bin;C:\Program Files\AdoptOpenJDK\jdk-11.0.3.7-hotspot\bin;C:\windows\system32;C:\windows;C:\windows\System32\Wbem;C:\windows\System32\WindowsPowerShell\v1.0\;C:\windows\System32\OpenSSH\;C:\Program Files\Dell\Dell Data Protection\Encryption\;c:\Program Files (x86)\Microsoft SQL Server\110\Tools\Binn\;c:\Program Files\Microsoft SQL Server\110\Tools\Binn\;c:\Program Files\Microsoft SQL Server\110\DTS\Binn\;c:\Program Files (x86)\Microsoft SQL Server\110\Tools\Binn\ManagementStudio\;c:\Program Files (x86)\Microsoft SQL Server\110\DTS\Binn\;C:\Program Files\nodejs\;C:\Program Files\Git\cmd;C:\Program Files\MySQL\MySQL Shell 8.0\bin\;C:\Users\bfk\AppData\Roaming\npm;C:\Users\bfk\AppData\Local\Programs\Microsoft VS Code\bin
USERNAME=bfk
OS=Windows_NT
PROCESSOR_IDENTIFIER=Intel64 Family 6 Model 158 Stepping 10, GenuineIntel



---------------  S Y S T E M  ---------------

OS: Windows 10 , 64 bit Build 17134 (10.0.17134.556)

CPU:total 12 (initial active 12) (6 cores per cpu, 2 threads per core) family 6 model 158 stepping 10, cmov, cx8, fxsr, mmx, sse, sse2, sse3, ssse3, sse4.1, sse4.2, popcnt, avx, avx2, aes, clmul, erms, rtm, 3dnowpref, lzcnt, ht, tsc, tscinvbit, bmi1, bmi2, adx, fma

Memory: 4k page, system-wide physical 16176M (5725M free)
TotalPageFile size 28976M (AvailPageFile size 13805M)
current process WorkingSet (physical memory assigned to process): 221M, peak: 465M
current process commit charge ("private bytes"): 541M, peak: 591M

vm_info: OpenJDK 64-Bit Server VM (11.0.4+10-b304.77) for windows-amd64 JRE (11.0.4+10-b304.77), built on Oct 10 2019 15:02:36 by "" with MS VC++ 14.0 (VS2015)

END.
